<?xml version="1.0" encoding="UTF-8"?>
<testsuite name="com.qa25.trips.tests.SearchEngineTests" tests="69" skipped="0" failures="0" errors="0" timestamp="2021-01-25T13:06:56" hostname="JULIABOOK" time="1039.318">
  <properties/>
  <testcase name="fillFromFieldPositiveTest[0](Cities names: FROM city: Tehran, TO city: St. John's)" classname="com.qa25.trips.tests.SearchEngineTests" time="5.476"/>
  <testcase name="fillFromFieldPositiveTest[1](Cities names: FROM city: Tashkent, TO city: Buenos Aires)" classname="com.qa25.trips.tests.SearchEngineTests" time="5.469"/>
  <testcase name="fillFromFieldPositiveTest[2](Cities names: FROM city: Sanaa, TO city: St. Catharines)" classname="com.qa25.trips.tests.SearchEngineTests" time="5.437"/>
  <testcase name="fillFromFieldPositiveTest[3](Cities names: FROM city: Naypyidaw, TO city: Kabul)" classname="com.qa25.trips.tests.SearchEngineTests" time="5.413"/>
  <testcase name="fillFromFieldPositiveTest[4](Cities names: FROM city: Muscat, TO city: Kathmandu)" classname="com.qa25.trips.tests.SearchEngineTests" time="5.485"/>
  <testcase name="fillFromFieldPositiveTest[5](Cities names: FROM city: Manila, TO city: Naypyidaw)" classname="com.qa25.trips.tests.SearchEngineTests" time="5.492"/>
  <testcase name="fillFromFieldPositiveTest[6](Cities names: FROM city: Male, TO city: Land's End)" classname="com.qa25.trips.tests.SearchEngineTests" time="5.441"/>
  <testcase name="fillFromFieldPositiveTest[7](Cities names: FROM city: Lhasa, TO city: Sanaa)" classname="com.qa25.trips.tests.SearchEngineTests" time="5.414"/>
  <testcase name="fillFromFieldPositiveTest[8](Cities names: FROM city: Kathmandu, TO city: Tashkent)" classname="com.qa25.trips.tests.SearchEngineTests" time="5.419"/>
  <testcase name="fillFromFieldPositiveTest[9](Cities names: FROM city: Kabul, TO city: Tehran)" classname="com.qa25.trips.tests.SearchEngineTests" time="5.541"/>
  <testcase name="fillFromFieldPositiveTest[10](Cities names: FROM city: Bandar Seri Begawan, TO city: Manila)" classname="com.qa25.trips.tests.SearchEngineTests" time="0.857"/>
  <testcase name="fillFromFieldPositiveTest[11](Cities names: FROM city: Buenos Aires, TO city: Cluj-Napoca)" classname="com.qa25.trips.tests.SearchEngineTests" time="0.824"/>
  <testcase name="fillFromFieldPositiveTest[12](Cities names: FROM city: Cluj-Napoca, TO city: Muscat)" classname="com.qa25.trips.tests.SearchEngineTests" time="0.835"/>
  <testcase name="fillFromFieldPositiveTest[13](Cities names: FROM city: Land's End, TO city: Male)" classname="com.qa25.trips.tests.SearchEngineTests" time="0.838"/>
  <testcase name="fillFromFieldPositiveTest[14](Cities names: FROM city: St. Catharines, TO city: Lhasa)" classname="com.qa25.trips.tests.SearchEngineTests" time="0.858"/>
  <testcase name="fillFromFieldPositiveTest[15](Cities names: FROM city: St. John's, TO city: Bandar Seri Begawan)" classname="com.qa25.trips.tests.SearchEngineTests" time="0.875"/>
  <testcase name="fillToFieldPositiveTest[0](Cities names: FROM city: Tehran, TO city: St. John's)" classname="com.qa25.trips.tests.SearchEngineTests" time="0.793"/>
  <testcase name="fillToFieldPositiveTest[1](Cities names: FROM city: Tashkent, TO city: Buenos Aires)" classname="com.qa25.trips.tests.SearchEngineTests" time="0.874"/>
  <testcase name="fillToFieldPositiveTest[2](Cities names: FROM city: Sanaa, TO city: St. Catharines)" classname="com.qa25.trips.tests.SearchEngineTests" time="0.875"/>
  <testcase name="fillToFieldPositiveTest[3](Cities names: FROM city: Naypyidaw, TO city: Kabul)" classname="com.qa25.trips.tests.SearchEngineTests" time="5.447"/>
  <testcase name="fillToFieldPositiveTest[4](Cities names: FROM city: Muscat, TO city: Kathmandu)" classname="com.qa25.trips.tests.SearchEngineTests" time="5.438"/>
  <testcase name="fillToFieldPositiveTest[5](Cities names: FROM city: Manila, TO city: Naypyidaw)" classname="com.qa25.trips.tests.SearchEngineTests" time="5.433"/>
  <testcase name="fillToFieldPositiveTest[6](Cities names: FROM city: Male, TO city: Land's End)" classname="com.qa25.trips.tests.SearchEngineTests" time="0.832"/>
  <testcase name="fillToFieldPositiveTest[7](Cities names: FROM city: Lhasa, TO city: Sanaa)" classname="com.qa25.trips.tests.SearchEngineTests" time="5.379"/>
  <testcase name="fillToFieldPositiveTest[8](Cities names: FROM city: Kathmandu, TO city: Tashkent)" classname="com.qa25.trips.tests.SearchEngineTests" time="5.427"/>
  <testcase name="fillToFieldPositiveTest[9](Cities names: FROM city: Kabul, TO city: Tehran)" classname="com.qa25.trips.tests.SearchEngineTests" time="5.444"/>
  <testcase name="fillToFieldPositiveTest[10](Cities names: FROM city: Bandar Seri Begawan, TO city: Manila)" classname="com.qa25.trips.tests.SearchEngineTests" time="5.438"/>
  <testcase name="fillToFieldPositiveTest[11](Cities names: FROM city: Buenos Aires, TO city: Cluj-Napoca)" classname="com.qa25.trips.tests.SearchEngineTests" time="0.814"/>
  <testcase name="fillToFieldPositiveTest[12](Cities names: FROM city: Cluj-Napoca, TO city: Muscat)" classname="com.qa25.trips.tests.SearchEngineTests" time="5.416"/>
  <testcase name="fillToFieldPositiveTest[13](Cities names: FROM city: Land's End, TO city: Male)" classname="com.qa25.trips.tests.SearchEngineTests" time="5.473"/>
  <testcase name="fillToFieldPositiveTest[14](Cities names: FROM city: St. Catharines, TO city: Lhasa)" classname="com.qa25.trips.tests.SearchEngineTests" time="5.392"/>
  <testcase name="fillToFieldPositiveTest[15](Cities names: FROM city: St. John's, TO city: Bandar Seri Begawan)" classname="com.qa25.trips.tests.SearchEngineTests" time="0.873"/>
  <testcase name="FillFromFieldNegativeTest[0](Cities names: FROM city: РњРѕСЃРєРІР°, TO city: Pariz)" classname="com.qa25.trips.tests.SearchEngineTests" time="0.629"/>
  <testcase name="FillFromFieldNegativeTest[1](Cities names: FROM city: Ч ЧЄЧ Ч™Ч”, TO city: ЧћЧЎЧ§Ч‘Ч”)" classname="com.qa25.trips.tests.SearchEngineTests" time="0.603"/>
  <testcase name="FillFromFieldNegativeTest[2](Cities names: FROM city: Paris@, TO city: 123)" classname="com.qa25.trips.tests.SearchEngineTests" time="0.684"/>
  <testcase name="FillFromFieldNegativeTest[3](Cities names: FROM city: #London, TO city: *&amp;^)" classname="com.qa25.trips.tests.SearchEngineTests" time="0.614"/>
  <testcase name="FillFromFieldNegativeTest[4](Cities names: FROM city: 123, TO city: РњРѕСЃРєРІР°)" classname="com.qa25.trips.tests.SearchEngineTests" time="0.522"/>
  <testcase name="FillFromFieldNegativeTest[5](Cities names: FROM city: *&amp;^, TO city: Paris@)" classname="com.qa25.trips.tests.SearchEngineTests" time="0.636"/>
  <testcase name="FillFromFieldNegativeTest[6](Cities names: FROM city: Pariz, TO city: #London)" classname="com.qa25.trips.tests.SearchEngineTests" time="0.632"/>
  <testcase name="FillToFieldNegativeTest[0](Cities names: FROM city: РњРѕСЃРєРІР°, TO city: Pariz)" classname="com.qa25.trips.tests.SearchEngineTests" time="0.649"/>
  <testcase name="FillToFieldNegativeTest[1](Cities names: FROM city: Ч ЧЄЧ Ч™Ч”, TO city: ЧћЧЎЧ§Ч‘Ч”)" classname="com.qa25.trips.tests.SearchEngineTests" time="0.654"/>
  <testcase name="FillToFieldNegativeTest[2](Cities names: FROM city: Paris@, TO city: 123)" classname="com.qa25.trips.tests.SearchEngineTests" time="0.714"/>
  <testcase name="FillToFieldNegativeTest[3](Cities names: FROM city: #London, TO city: *&amp;^)" classname="com.qa25.trips.tests.SearchEngineTests" time="0.644"/>
  <testcase name="FillToFieldNegativeTest[4](Cities names: FROM city: 123, TO city: РњРѕСЃРєРІР°)" classname="com.qa25.trips.tests.SearchEngineTests" time="0.649"/>
  <testcase name="FillToFieldNegativeTest[5](Cities names: FROM city: *&amp;^, TO city: Paris@)" classname="com.qa25.trips.tests.SearchEngineTests" time="0.577"/>
  <testcase name="FillToFieldNegativeTest[6](Cities names: FROM city: Pariz, TO city: #London)" classname="com.qa25.trips.tests.SearchEngineTests" time="0.652"/>
  <testcase name="clearButtonPositiveTest[0](Cities names: FROM city: Tehran, TO city: St. John's)" classname="com.qa25.trips.tests.SearchEngineTests" time="6.228"/>
  <testcase name="clearButtonPositiveTest[1](Cities names: FROM city: Tashkent, TO city: Buenos Aires)" classname="com.qa25.trips.tests.SearchEngineTests" time="6.404"/>
  <testcase name="clearButtonPositiveTest[2](Cities names: FROM city: Sanaa, TO city: St. Catharines)" classname="com.qa25.trips.tests.SearchEngineTests" time="6.184"/>
  <testcase name="clearButtonPositiveTest[3](Cities names: FROM city: Naypyidaw, TO city: Kabul)" classname="com.qa25.trips.tests.SearchEngineTests" time="10.786"/>
  <testcase name="clearButtonPositiveTest[4](Cities names: FROM city: Muscat, TO city: Kathmandu)" classname="com.qa25.trips.tests.SearchEngineTests" time="10.771"/>
  <testcase name="clearButtonPositiveTest[5](Cities names: FROM city: Manila, TO city: Naypyidaw)" classname="com.qa25.trips.tests.SearchEngineTests" time="10.701"/>
  <testcase name="clearButtonPositiveTest[6](Cities names: FROM city: Male, TO city: Land's End)" classname="com.qa25.trips.tests.SearchEngineTests" time="6.203"/>
  <testcase name="clearButtonPositiveTest[7](Cities names: FROM city: Lhasa, TO city: Sanaa)" classname="com.qa25.trips.tests.SearchEngineTests" time="10.731"/>
  <testcase name="clearButtonPositiveTest[8](Cities names: FROM city: Kathmandu, TO city: Tashkent)" classname="com.qa25.trips.tests.SearchEngineTests" time="10.799"/>
  <testcase name="clearButtonPositiveTest[9](Cities names: FROM city: Kabul, TO city: Tehran)" classname="com.qa25.trips.tests.SearchEngineTests" time="10.637"/>
  <testcase name="clearButtonPositiveTest[10](Cities names: FROM city: Bandar Seri Begawan, TO city: Manila)" classname="com.qa25.trips.tests.SearchEngineTests" time="6.132"/>
  <testcase name="clearButtonPositiveTest[11](Cities names: FROM city: Buenos Aires, TO city: Cluj-Napoca)" classname="com.qa25.trips.tests.SearchEngineTests" time="1.294"/>
  <testcase name="clearButtonPositiveTest[12](Cities names: FROM city: Cluj-Napoca, TO city: Muscat)" classname="com.qa25.trips.tests.SearchEngineTests" time="6.067"/>
  <testcase name="clearButtonPositiveTest[13](Cities names: FROM city: Land's End, TO city: Male)" classname="com.qa25.trips.tests.SearchEngineTests" time="6.119"/>
  <testcase name="clearButtonPositiveTest[14](Cities names: FROM city: St. Catharines, TO city: Lhasa)" classname="com.qa25.trips.tests.SearchEngineTests" time="6.106"/>
  <testcase name="clearButtonPositiveTest[15](Cities names: FROM city: St. John's, TO city: Bandar Seri Begawan)" classname="com.qa25.trips.tests.SearchEngineTests" time="1.261"/>
  <testcase name="goButtonNegativeTest[0](Cities names: FROM city: New Orleans, TO city: Barcelona)" classname="com.qa25.trips.tests.SearchEngineTests" time="6.345"/>
  <testcase name="goButtonNegativeTest[1](Cities names: FROM city: Moscow, TO city: Moscow)" classname="com.qa25.trips.tests.SearchEngineTests" time="11.481"/>
  <testcase name="goButtonPositiveTest[0](Cities names: FROM city: Paris, TO city: Prague)" classname="com.qa25.trips.tests.SearchEngineTests" time="11.85"/>
  <testcase name="goButtonPositiveTest[1](Cities names: FROM city: Rome, TO city: Kiev)" classname="com.qa25.trips.tests.SearchEngineTests" time="11.762"/>
  <testcase name="goButtonPositiveTest[2](Cities names: FROM city: Moscow, TO city: Tel-Aviv)" classname="com.qa25.trips.tests.SearchEngineTests" time="7.444"/>
  <testcase name="goButtonPositiveTest[3](Cities names: FROM city: Kiev, TO city: Moscow)" classname="com.qa25.trips.tests.SearchEngineTests" time="11.744"/>
  <testcase name="goButtonPositiveTest[4](Cities names: FROM city: Barcelona, TO city: Glasgow)" classname="com.qa25.trips.tests.SearchEngineTests" time="11.754"/>
  <system-out><![CDATA[15:06:54.878 INFO  com.qa25.trips.tests.TestBase - Start test: fillFromFieldPositiveTest
15:06:54.879 INFO  com.qa25.trips.tests.TestBase -  --> With data: [Cities names: FROM city: Tehran, TO city: St. John's]
15:07:01.644 INFO  com.qa25.trips.tests.TestBase - Test result: PASSED
15:07:01.644 INFO  com.qa25.trips.tests.TestBase - Stop test: fillFromFieldPositiveTest
15:07:01.644 INFO  com.qa25.trips.tests.TestBase - ======================================================
15:07:11.082 INFO  com.qa25.trips.tests.TestBase - Start test: fillFromFieldPositiveTest
15:07:11.082 INFO  com.qa25.trips.tests.TestBase -  --> With data: [Cities names: FROM city: Tashkent, TO city: Buenos Aires]
15:07:17.898 INFO  com.qa25.trips.tests.TestBase - Test result: PASSED
15:07:17.898 INFO  com.qa25.trips.tests.TestBase - Stop test: fillFromFieldPositiveTest
15:07:17.898 INFO  com.qa25.trips.tests.TestBase - ======================================================
15:07:26.992 INFO  com.qa25.trips.tests.TestBase - Start test: fillFromFieldPositiveTest
15:07:26.993 INFO  com.qa25.trips.tests.TestBase -  --> With data: [Cities names: FROM city: Sanaa, TO city: St. Catharines]
15:07:33.677 INFO  com.qa25.trips.tests.TestBase - Test result: PASSED
15:07:33.677 INFO  com.qa25.trips.tests.TestBase - Stop test: fillFromFieldPositiveTest
15:07:33.677 INFO  com.qa25.trips.tests.TestBase - ======================================================
15:07:43.071 INFO  com.qa25.trips.tests.TestBase - Start test: fillFromFieldPositiveTest
15:07:43.072 INFO  com.qa25.trips.tests.TestBase -  --> With data: [Cities names: FROM city: Naypyidaw, TO city: Kabul]
15:07:49.716 INFO  com.qa25.trips.tests.TestBase - Test result: PASSED
15:07:49.716 INFO  com.qa25.trips.tests.TestBase - Stop test: fillFromFieldPositiveTest
15:07:49.716 INFO  com.qa25.trips.tests.TestBase - ======================================================
15:07:58.972 INFO  com.qa25.trips.tests.TestBase - Start test: fillFromFieldPositiveTest
15:07:58.973 INFO  com.qa25.trips.tests.TestBase -  --> With data: [Cities names: FROM city: Muscat, TO city: Kathmandu]
15:08:05.749 INFO  com.qa25.trips.tests.TestBase - Test result: PASSED
15:08:05.749 INFO  com.qa25.trips.tests.TestBase - Stop test: fillFromFieldPositiveTest
15:08:05.749 INFO  com.qa25.trips.tests.TestBase - ======================================================
15:08:15.078 INFO  com.qa25.trips.tests.TestBase - Start test: fillFromFieldPositiveTest
15:08:15.079 INFO  com.qa25.trips.tests.TestBase -  --> With data: [Cities names: FROM city: Manila, TO city: Naypyidaw]
15:08:21.796 INFO  com.qa25.trips.tests.TestBase - Test result: PASSED
15:08:21.796 INFO  com.qa25.trips.tests.TestBase - Stop test: fillFromFieldPositiveTest
15:08:21.796 INFO  com.qa25.trips.tests.TestBase - ======================================================
15:08:31.125 INFO  com.qa25.trips.tests.TestBase - Start test: fillFromFieldPositiveTest
15:08:31.125 INFO  com.qa25.trips.tests.TestBase -  --> With data: [Cities names: FROM city: Male, TO city: Land's End]
15:08:37.821 INFO  com.qa25.trips.tests.TestBase - Test result: PASSED
15:08:37.822 INFO  com.qa25.trips.tests.TestBase - Stop test: fillFromFieldPositiveTest
15:08:37.822 INFO  com.qa25.trips.tests.TestBase - ======================================================
15:08:47.046 INFO  com.qa25.trips.tests.TestBase - Start test: fillFromFieldPositiveTest
15:08:47.047 INFO  com.qa25.trips.tests.TestBase -  --> With data: [Cities names: FROM city: Lhasa, TO city: Sanaa]
15:08:53.691 INFO  com.qa25.trips.tests.TestBase - Test result: PASSED
15:08:53.692 INFO  com.qa25.trips.tests.TestBase - Stop test: fillFromFieldPositiveTest
15:08:53.692 INFO  com.qa25.trips.tests.TestBase - ======================================================
15:09:02.991 INFO  com.qa25.trips.tests.TestBase - Start test: fillFromFieldPositiveTest
15:09:02.991 INFO  com.qa25.trips.tests.TestBase -  --> With data: [Cities names: FROM city: Kathmandu, TO city: Tashkent]
15:09:09.645 INFO  com.qa25.trips.tests.TestBase - Test result: PASSED
15:09:09.645 INFO  com.qa25.trips.tests.TestBase - Stop test: fillFromFieldPositiveTest
15:09:09.645 INFO  com.qa25.trips.tests.TestBase - ======================================================
15:09:19.023 INFO  com.qa25.trips.tests.TestBase - Start test: fillFromFieldPositiveTest
15:09:19.023 INFO  com.qa25.trips.tests.TestBase -  --> With data: [Cities names: FROM city: Kabul, TO city: Tehran]
15:09:25.860 INFO  com.qa25.trips.tests.TestBase - Test result: PASSED
15:09:25.860 INFO  com.qa25.trips.tests.TestBase - Stop test: fillFromFieldPositiveTest
15:09:25.860 INFO  com.qa25.trips.tests.TestBase - ======================================================
15:09:35.138 INFO  com.qa25.trips.tests.TestBase - Start test: fillFromFieldPositiveTest
15:09:35.139 INFO  com.qa25.trips.tests.TestBase -  --> With data: [Cities names: FROM city: Bandar Seri Begawan, TO city: Manila]
15:09:36.905 INFO  com.qa25.trips.tests.TestBase -    --> Error message: Sorry, only Latin characteres are allowed now.
15:09:36.906 INFO  com.qa25.trips.tests.TestBase -    --> Test is fail, but should be pass
15:09:37.238 INFO  com.qa25.trips.tests.TestBase - Test result: PASSED
15:09:37.239 INFO  com.qa25.trips.tests.TestBase - Stop test: fillFromFieldPositiveTest
15:09:37.239 INFO  com.qa25.trips.tests.TestBase - ======================================================
15:09:47.001 INFO  com.qa25.trips.tests.TestBase - Start test: fillFromFieldPositiveTest
15:09:47.002 INFO  com.qa25.trips.tests.TestBase -  --> With data: [Cities names: FROM city: Buenos Aires, TO city: Cluj-Napoca]
15:09:48.787 INFO  com.qa25.trips.tests.TestBase -    --> Error message: Sorry, only Latin characteres are allowed now.
15:09:48.787 INFO  com.qa25.trips.tests.TestBase -    --> Test is fail, but should be pass
15:09:49.112 INFO  com.qa25.trips.tests.TestBase - Test result: PASSED
15:09:49.112 INFO  com.qa25.trips.tests.TestBase - Stop test: fillFromFieldPositiveTest
15:09:49.112 INFO  com.qa25.trips.tests.TestBase - ======================================================
15:09:58.249 INFO  com.qa25.trips.tests.TestBase - Start test: fillFromFieldPositiveTest
15:09:58.249 INFO  com.qa25.trips.tests.TestBase -  --> With data: [Cities names: FROM city: Cluj-Napoca, TO city: Muscat]
15:09:59.986 INFO  com.qa25.trips.tests.TestBase -    --> Error message: Sorry, only Latin characteres are allowed now.
15:09:59.987 INFO  com.qa25.trips.tests.TestBase -    --> Test is fail, but should be pass
15:10:00.330 INFO  com.qa25.trips.tests.TestBase - Test result: PASSED
15:10:00.330 INFO  com.qa25.trips.tests.TestBase - Stop test: fillFromFieldPositiveTest
15:10:00.330 INFO  com.qa25.trips.tests.TestBase - ======================================================
15:10:10.821 INFO  com.qa25.trips.tests.TestBase - Start test: fillFromFieldPositiveTest
15:10:10.821 INFO  com.qa25.trips.tests.TestBase -  --> With data: [Cities names: FROM city: Land's End, TO city: Male]
15:10:12.578 INFO  com.qa25.trips.tests.TestBase -    --> Error message: Sorry, only Latin characteres are allowed now.
15:10:12.578 INFO  com.qa25.trips.tests.TestBase -    --> Test is fail, but should be pass
15:10:12.915 INFO  com.qa25.trips.tests.TestBase - Test result: PASSED
15:10:12.916 INFO  com.qa25.trips.tests.TestBase - Stop test: fillFromFieldPositiveTest
15:10:12.916 INFO  com.qa25.trips.tests.TestBase - ======================================================
15:10:22.133 INFO  com.qa25.trips.tests.TestBase - Start test: fillFromFieldPositiveTest
15:10:22.133 INFO  com.qa25.trips.tests.TestBase -  --> With data: [Cities names: FROM city: St. Catharines, TO city: Lhasa]
15:10:23.864 INFO  com.qa25.trips.tests.TestBase -    --> Error message: Sorry, only Latin characteres are allowed now.
15:10:23.864 INFO  com.qa25.trips.tests.TestBase -    --> Test is fail, but should be pass
15:10:24.205 INFO  com.qa25.trips.tests.TestBase - Test result: PASSED
15:10:24.205 INFO  com.qa25.trips.tests.TestBase - Stop test: fillFromFieldPositiveTest
15:10:24.205 INFO  com.qa25.trips.tests.TestBase - ======================================================
15:10:33.477 INFO  com.qa25.trips.tests.TestBase - Start test: fillFromFieldPositiveTest
15:10:33.478 INFO  com.qa25.trips.tests.TestBase -  --> With data: [Cities names: FROM city: St. John's, TO city: Bandar Seri Begawan]
15:10:35.228 INFO  com.qa25.trips.tests.TestBase -    --> Error message: Sorry, only Latin characteres are allowed now.
15:10:35.228 INFO  com.qa25.trips.tests.TestBase -    --> Test is fail, but should be pass
15:10:35.590 INFO  com.qa25.trips.tests.TestBase - Test result: PASSED
15:10:35.590 INFO  com.qa25.trips.tests.TestBase - Stop test: fillFromFieldPositiveTest
15:10:35.590 INFO  com.qa25.trips.tests.TestBase - ======================================================
15:10:44.880 INFO  com.qa25.trips.tests.TestBase - Start test: fillToFieldPositiveTest
15:10:44.880 INFO  com.qa25.trips.tests.TestBase -  --> With data: [Cities names: FROM city: Tehran, TO city: St. John's]
15:10:46.583 INFO  com.qa25.trips.tests.TestBase -    --> Error message: Sorry, only Latin characteres are allowed now.
15:10:46.583 INFO  com.qa25.trips.tests.TestBase -    --> Test is fail, but should be pass
15:10:46.901 INFO  com.qa25.trips.tests.TestBase - Test result: PASSED
15:10:46.901 INFO  com.qa25.trips.tests.TestBase - Stop test: fillToFieldPositiveTest
15:10:46.901 INFO  com.qa25.trips.tests.TestBase - ======================================================
15:10:56.150 INFO  com.qa25.trips.tests.TestBase - Start test: fillToFieldPositiveTest
15:10:56.150 INFO  com.qa25.trips.tests.TestBase -  --> With data: [Cities names: FROM city: Tashkent, TO city: Buenos Aires]
15:10:57.911 INFO  com.qa25.trips.tests.TestBase -    --> Error message: Sorry, only Latin characteres are allowed now.
15:10:57.912 INFO  com.qa25.trips.tests.TestBase -    --> Test is fail, but should be pass
15:10:58.251 INFO  com.qa25.trips.tests.TestBase - Test result: PASSED
15:10:58.251 INFO  com.qa25.trips.tests.TestBase - Stop test: fillToFieldPositiveTest
15:10:58.251 INFO  com.qa25.trips.tests.TestBase - ======================================================
15:11:07.631 INFO  com.qa25.trips.tests.TestBase - Start test: fillToFieldPositiveTest
15:11:07.631 INFO  com.qa25.trips.tests.TestBase -  --> With data: [Cities names: FROM city: Sanaa, TO city: St. Catharines]
15:11:09.380 INFO  com.qa25.trips.tests.TestBase -    --> Error message: Sorry, only Latin characteres are allowed now.
15:11:09.380 INFO  com.qa25.trips.tests.TestBase -    --> Test is fail, but should be pass
15:11:09.759 INFO  com.qa25.trips.tests.TestBase - Test result: PASSED
15:11:09.759 INFO  com.qa25.trips.tests.TestBase - Stop test: fillToFieldPositiveTest
15:11:09.759 INFO  com.qa25.trips.tests.TestBase - ======================================================
15:11:19.096 INFO  com.qa25.trips.tests.TestBase - Start test: fillToFieldPositiveTest
15:11:19.097 INFO  com.qa25.trips.tests.TestBase -  --> With data: [Cities names: FROM city: Naypyidaw, TO city: Kabul]
15:11:25.811 INFO  com.qa25.trips.tests.TestBase - Test result: PASSED
15:11:25.811 INFO  com.qa25.trips.tests.TestBase - Stop test: fillToFieldPositiveTest
15:11:25.811 INFO  com.qa25.trips.tests.TestBase - ======================================================
15:11:34.906 INFO  com.qa25.trips.tests.TestBase - Start test: fillToFieldPositiveTest
15:11:34.907 INFO  com.qa25.trips.tests.TestBase -  --> With data: [Cities names: FROM city: Muscat, TO city: Kathmandu]
15:11:41.604 INFO  com.qa25.trips.tests.TestBase - Test result: PASSED
15:11:41.604 INFO  com.qa25.trips.tests.TestBase - Stop test: fillToFieldPositiveTest
15:11:41.604 INFO  com.qa25.trips.tests.TestBase - ======================================================
15:11:50.830 INFO  com.qa25.trips.tests.TestBase - Start test: fillToFieldPositiveTest
15:11:50.830 INFO  com.qa25.trips.tests.TestBase -  --> With data: [Cities names: FROM city: Manila, TO city: Naypyidaw]
15:11:57.487 INFO  com.qa25.trips.tests.TestBase - Test result: PASSED
15:11:57.488 INFO  com.qa25.trips.tests.TestBase - Stop test: fillToFieldPositiveTest
15:11:57.488 INFO  com.qa25.trips.tests.TestBase - ======================================================
15:12:06.651 INFO  com.qa25.trips.tests.TestBase - Start test: fillToFieldPositiveTest
15:12:06.651 INFO  com.qa25.trips.tests.TestBase -  --> With data: [Cities names: FROM city: Male, TO city: Land's End]
15:12:08.355 INFO  com.qa25.trips.tests.TestBase -    --> Error message: Sorry, only Latin characteres are allowed now.
15:12:08.356 INFO  com.qa25.trips.tests.TestBase -    --> Test is fail, but should be pass
15:12:08.720 INFO  com.qa25.trips.tests.TestBase - Test result: PASSED
15:12:08.721 INFO  com.qa25.trips.tests.TestBase - Stop test: fillToFieldPositiveTest
15:12:08.721 INFO  com.qa25.trips.tests.TestBase - ======================================================
15:12:18.391 INFO  com.qa25.trips.tests.TestBase - Start test: fillToFieldPositiveTest
15:12:18.392 INFO  com.qa25.trips.tests.TestBase -  --> With data: [Cities names: FROM city: Lhasa, TO city: Sanaa]
15:12:25.010 INFO  com.qa25.trips.tests.TestBase - Test result: PASSED
15:12:25.011 INFO  com.qa25.trips.tests.TestBase - Stop test: fillToFieldPositiveTest
15:12:25.011 INFO  com.qa25.trips.tests.TestBase - ======================================================
15:12:34.188 INFO  com.qa25.trips.tests.TestBase - Start test: fillToFieldPositiveTest
15:12:34.188 INFO  com.qa25.trips.tests.TestBase -  --> With data: [Cities names: FROM city: Kathmandu, TO city: Tashkent]
15:12:40.848 INFO  com.qa25.trips.tests.TestBase - Test result: PASSED
15:12:40.849 INFO  com.qa25.trips.tests.TestBase - Stop test: fillToFieldPositiveTest
15:12:40.849 INFO  com.qa25.trips.tests.TestBase - ======================================================
15:12:50.087 INFO  com.qa25.trips.tests.TestBase - Start test: fillToFieldPositiveTest
15:12:50.087 INFO  com.qa25.trips.tests.TestBase -  --> With data: [Cities names: FROM city: Kabul, TO city: Tehran]
15:12:56.770 INFO  com.qa25.trips.tests.TestBase - Test result: PASSED
15:12:56.771 INFO  com.qa25.trips.tests.TestBase - Stop test: fillToFieldPositiveTest
15:12:56.771 INFO  com.qa25.trips.tests.TestBase - ======================================================
15:13:06.041 INFO  com.qa25.trips.tests.TestBase - Start test: fillToFieldPositiveTest
15:13:06.041 INFO  com.qa25.trips.tests.TestBase -  --> With data: [Cities names: FROM city: Bandar Seri Begawan, TO city: Manila]
15:13:12.746 INFO  com.qa25.trips.tests.TestBase - Test result: PASSED
15:13:12.746 INFO  com.qa25.trips.tests.TestBase - Stop test: fillToFieldPositiveTest
15:13:12.746 INFO  com.qa25.trips.tests.TestBase - ======================================================
15:13:22.000 INFO  com.qa25.trips.tests.TestBase - Start test: fillToFieldPositiveTest
15:13:22.001 INFO  com.qa25.trips.tests.TestBase -  --> With data: [Cities names: FROM city: Buenos Aires, TO city: Cluj-Napoca]
15:13:23.726 INFO  com.qa25.trips.tests.TestBase -    --> Error message: Sorry, only Latin characteres are allowed now.
15:13:23.727 INFO  com.qa25.trips.tests.TestBase -    --> Test is fail, but should be pass
15:13:24.072 INFO  com.qa25.trips.tests.TestBase - Test result: PASSED
15:13:24.073 INFO  com.qa25.trips.tests.TestBase - Stop test: fillToFieldPositiveTest
15:13:24.073 INFO  com.qa25.trips.tests.TestBase - ======================================================
15:13:33.296 INFO  com.qa25.trips.tests.TestBase - Start test: fillToFieldPositiveTest
15:13:33.296 INFO  com.qa25.trips.tests.TestBase -  --> With data: [Cities names: FROM city: Cluj-Napoca, TO city: Muscat]
15:13:39.950 INFO  com.qa25.trips.tests.TestBase - Test result: PASSED
15:13:39.951 INFO  com.qa25.trips.tests.TestBase - Stop test: fillToFieldPositiveTest
15:13:39.951 INFO  com.qa25.trips.tests.TestBase - ======================================================
15:13:49.298 INFO  com.qa25.trips.tests.TestBase - Start test: fillToFieldPositiveTest
15:13:49.299 INFO  com.qa25.trips.tests.TestBase -  --> With data: [Cities names: FROM city: Land's End, TO city: Male]
15:13:56.038 INFO  com.qa25.trips.tests.TestBase - Test result: PASSED
15:13:56.039 INFO  com.qa25.trips.tests.TestBase - Stop test: fillToFieldPositiveTest
15:13:56.039 INFO  com.qa25.trips.tests.TestBase - ======================================================
15:14:06.508 INFO  com.qa25.trips.tests.TestBase - Start test: fillToFieldPositiveTest
15:14:06.508 INFO  com.qa25.trips.tests.TestBase -  --> With data: [Cities names: FROM city: St. Catharines, TO city: Lhasa]
15:14:13.138 INFO  com.qa25.trips.tests.TestBase - Test result: PASSED
15:14:13.138 INFO  com.qa25.trips.tests.TestBase - Stop test: fillToFieldPositiveTest
15:14:13.138 INFO  com.qa25.trips.tests.TestBase - ======================================================
15:14:22.496 INFO  com.qa25.trips.tests.TestBase - Start test: fillToFieldPositiveTest
15:14:22.497 INFO  com.qa25.trips.tests.TestBase -  --> With data: [Cities names: FROM city: St. John's, TO city: Bandar Seri Begawan]
15:14:24.259 INFO  com.qa25.trips.tests.TestBase -    --> Error message: Sorry, only Latin characteres are allowed now.
15:14:24.259 INFO  com.qa25.trips.tests.TestBase -    --> Test is fail, but should be pass
15:14:24.603 INFO  com.qa25.trips.tests.TestBase - Test result: PASSED
15:14:24.603 INFO  com.qa25.trips.tests.TestBase - Stop test: fillToFieldPositiveTest
15:14:24.604 INFO  com.qa25.trips.tests.TestBase - ======================================================
15:14:33.843 INFO  com.qa25.trips.tests.TestBase - Start test: FillFromFieldNegativeTest
15:14:33.843 INFO  com.qa25.trips.tests.TestBase -  --> With data: [Cities names: FROM city: РњРѕСЃРєРІР°, TO city: Pariz]
15:14:35.579 INFO  com.qa25.trips.tests.TestBase -    --> Error message: Sorry, only Latin characteres are allowed now.
15:14:35.725 INFO  com.qa25.trips.tests.TestBase - Test result: PASSED
15:14:35.725 INFO  com.qa25.trips.tests.TestBase - Stop test: FillFromFieldNegativeTest
15:14:35.725 INFO  com.qa25.trips.tests.TestBase - ======================================================
15:14:45.054 INFO  com.qa25.trips.tests.TestBase - Start test: FillFromFieldNegativeTest
15:14:45.054 INFO  com.qa25.trips.tests.TestBase -  --> With data: [Cities names: FROM city: Ч ЧЄЧ Ч™Ч”, TO city: ЧћЧЎЧ§Ч‘Ч”]
15:14:46.742 INFO  com.qa25.trips.tests.TestBase -    --> Error message: Sorry, only Latin characteres are allowed now.
15:14:46.874 INFO  com.qa25.trips.tests.TestBase - Test result: PASSED
15:14:46.875 INFO  com.qa25.trips.tests.TestBase - Stop test: FillFromFieldNegativeTest
15:14:46.875 INFO  com.qa25.trips.tests.TestBase - ======================================================
15:14:56.122 INFO  com.qa25.trips.tests.TestBase - Start test: FillFromFieldNegativeTest
15:14:56.122 INFO  com.qa25.trips.tests.TestBase -  --> With data: [Cities names: FROM city: Paris@, TO city: 123]
15:14:57.849 INFO  com.qa25.trips.tests.TestBase -    --> Error message: Sorry, only Latin characteres are allowed now.
15:14:58.039 INFO  com.qa25.trips.tests.TestBase - Test result: PASSED
15:14:58.039 INFO  com.qa25.trips.tests.TestBase - Stop test: FillFromFieldNegativeTest
15:14:58.039 INFO  com.qa25.trips.tests.TestBase - ======================================================
15:15:07.430 INFO  com.qa25.trips.tests.TestBase - Start test: FillFromFieldNegativeTest
15:15:07.431 INFO  com.qa25.trips.tests.TestBase -  --> With data: [Cities names: FROM city: #London, TO city: *&^]
15:15:09.194 INFO  com.qa25.trips.tests.TestBase -    --> Error message: Sorry, only Latin characteres are allowed now.
15:15:09.320 INFO  com.qa25.trips.tests.TestBase - Test result: PASSED
15:15:09.320 INFO  com.qa25.trips.tests.TestBase - Stop test: FillFromFieldNegativeTest
15:15:09.320 INFO  com.qa25.trips.tests.TestBase - ======================================================
15:15:18.486 INFO  com.qa25.trips.tests.TestBase - Start test: FillFromFieldNegativeTest
15:15:18.486 INFO  com.qa25.trips.tests.TestBase -  --> With data: [Cities names: FROM city: 123, TO city: РњРѕСЃРєРІР°]
15:15:20.152 INFO  com.qa25.trips.tests.TestBase -    --> Error message: Sorry, the data we have accumulated is not enough to build a route between the indicated cities. Try changing your request.
15:15:20.253 INFO  com.qa25.trips.tests.TestBase - Test result: PASSED
15:15:20.253 INFO  com.qa25.trips.tests.TestBase - Stop test: FillFromFieldNegativeTest
15:15:20.253 INFO  com.qa25.trips.tests.TestBase - ======================================================
15:15:29.465 INFO  com.qa25.trips.tests.TestBase - Start test: FillFromFieldNegativeTest
15:15:29.465 INFO  com.qa25.trips.tests.TestBase -  --> With data: [Cities names: FROM city: *&^, TO city: Paris@]
15:15:31.231 INFO  com.qa25.trips.tests.TestBase -    --> Error message: Sorry, only Latin characteres are allowed now.
15:15:31.353 INFO  com.qa25.trips.tests.TestBase - Test result: PASSED
15:15:31.355 INFO  com.qa25.trips.tests.TestBase - Stop test: FillFromFieldNegativeTest
15:15:31.355 INFO  com.qa25.trips.tests.TestBase - ======================================================
15:15:40.655 INFO  com.qa25.trips.tests.TestBase - Start test: FillFromFieldNegativeTest
15:15:40.655 INFO  com.qa25.trips.tests.TestBase -  --> With data: [Cities names: FROM city: Pariz, TO city: #London]
15:15:42.351 INFO  com.qa25.trips.tests.TestBase -    --> Error message: Sorry, the data we have accumulated is not enough to build a route between the indicated cities. Try changing your request.
15:15:42.513 INFO  com.qa25.trips.tests.TestBase - Test result: PASSED
15:15:42.513 INFO  com.qa25.trips.tests.TestBase - Stop test: FillFromFieldNegativeTest
15:15:42.513 INFO  com.qa25.trips.tests.TestBase - ======================================================
15:15:51.797 INFO  com.qa25.trips.tests.TestBase - Start test: FillToFieldNegativeTest
15:15:51.798 INFO  com.qa25.trips.tests.TestBase -  --> With data: [Cities names: FROM city: РњРѕСЃРєРІР°, TO city: Pariz]
15:15:53.589 INFO  com.qa25.trips.tests.TestBase -    --> Error message: Sorry, the data we have accumulated is not enough to build a route between the indicated cities. Try changing your request.
15:15:53.711 INFO  com.qa25.trips.tests.TestBase - Test result: PASSED
15:15:53.712 INFO  com.qa25.trips.tests.TestBase - Stop test: FillToFieldNegativeTest
15:15:53.712 INFO  com.qa25.trips.tests.TestBase - ======================================================
15:16:03.104 INFO  com.qa25.trips.tests.TestBase - Start test: FillToFieldNegativeTest
15:16:03.104 INFO  com.qa25.trips.tests.TestBase -  --> With data: [Cities names: FROM city: Ч ЧЄЧ Ч™Ч”, TO city: ЧћЧЎЧ§Ч‘Ч”]
15:16:04.839 INFO  com.qa25.trips.tests.TestBase -    --> Error message: Sorry, only Latin characteres are allowed now.
15:16:04.975 INFO  com.qa25.trips.tests.TestBase - Test result: PASSED
15:16:04.975 INFO  com.qa25.trips.tests.TestBase - Stop test: FillToFieldNegativeTest
15:16:04.975 INFO  com.qa25.trips.tests.TestBase - ======================================================
15:16:14.588 INFO  com.qa25.trips.tests.TestBase - Start test: FillToFieldNegativeTest
15:16:14.588 INFO  com.qa25.trips.tests.TestBase -  --> With data: [Cities names: FROM city: Paris@, TO city: 123]
15:16:16.411 INFO  com.qa25.trips.tests.TestBase -    --> Error message: Sorry, the data we have accumulated is not enough to build a route between the indicated cities. Try changing your request.
15:16:16.558 INFO  com.qa25.trips.tests.TestBase - Test result: PASSED
15:16:16.558 INFO  com.qa25.trips.tests.TestBase - Stop test: FillToFieldNegativeTest
15:16:16.558 INFO  com.qa25.trips.tests.TestBase - ======================================================
15:16:25.936 INFO  com.qa25.trips.tests.TestBase - Start test: FillToFieldNegativeTest
15:16:25.936 INFO  com.qa25.trips.tests.TestBase -  --> With data: [Cities names: FROM city: #London, TO city: *&^]
15:16:27.645 INFO  com.qa25.trips.tests.TestBase -    --> Error message: Sorry, only Latin characteres are allowed now.
15:16:27.804 INFO  com.qa25.trips.tests.TestBase - Test result: PASSED
15:16:27.804 INFO  com.qa25.trips.tests.TestBase - Stop test: FillToFieldNegativeTest
15:16:27.804 INFO  com.qa25.trips.tests.TestBase - ======================================================
15:16:37.210 INFO  com.qa25.trips.tests.TestBase - Start test: FillToFieldNegativeTest
15:16:37.210 INFO  com.qa25.trips.tests.TestBase -  --> With data: [Cities names: FROM city: 123, TO city: РњРѕСЃРєРІР°]
15:16:38.954 INFO  com.qa25.trips.tests.TestBase -    --> Error message: Sorry, only Latin characteres are allowed now.
15:16:39.087 INFO  com.qa25.trips.tests.TestBase - Test result: PASSED
15:16:39.087 INFO  com.qa25.trips.tests.TestBase - Stop test: FillToFieldNegativeTest
15:16:39.087 INFO  com.qa25.trips.tests.TestBase - ======================================================
15:16:48.554 INFO  com.qa25.trips.tests.TestBase - Start test: FillToFieldNegativeTest
15:16:48.554 INFO  com.qa25.trips.tests.TestBase -  --> With data: [Cities names: FROM city: *&^, TO city: Paris@]
15:16:50.249 INFO  com.qa25.trips.tests.TestBase -    --> Error message: Sorry, only Latin characteres are allowed now.
15:16:50.369 INFO  com.qa25.trips.tests.TestBase - Test result: PASSED
15:16:50.369 INFO  com.qa25.trips.tests.TestBase - Stop test: FillToFieldNegativeTest
15:16:50.369 INFO  com.qa25.trips.tests.TestBase - ======================================================
15:16:59.524 INFO  com.qa25.trips.tests.TestBase - Start test: FillToFieldNegativeTest
15:16:59.524 INFO  com.qa25.trips.tests.TestBase -  --> With data: [Cities names: FROM city: Pariz, TO city: #London]
15:17:01.324 INFO  com.qa25.trips.tests.TestBase -    --> Error message: Sorry, only Latin characteres are allowed now.
15:17:01.454 INFO  com.qa25.trips.tests.TestBase - Test result: PASSED
15:17:01.455 INFO  com.qa25.trips.tests.TestBase - Stop test: FillToFieldNegativeTest
15:17:01.455 INFO  com.qa25.trips.tests.TestBase - ======================================================
15:17:11.875 INFO  com.qa25.trips.tests.TestBase - Start test: clearButtonPositiveTest
15:17:11.875 INFO  com.qa25.trips.tests.TestBase -  --> With data: [Cities names: FROM city: Tehran, TO city: St. John's]
15:17:19.010 INFO  com.qa25.trips.tests.TestBase -    --> Error message: Sorry, only Latin characteres are allowed now.
15:17:19.010 INFO  com.qa25.trips.tests.TestBase -    --> Test is fail, but should be pass
15:17:19.376 INFO  com.qa25.trips.tests.TestBase - Test result: PASSED
15:17:19.376 INFO  com.qa25.trips.tests.TestBase - Stop test: clearButtonPositiveTest
15:17:19.376 INFO  com.qa25.trips.tests.TestBase - ======================================================
15:17:29.211 INFO  com.qa25.trips.tests.TestBase - Start test: clearButtonPositiveTest
15:17:29.211 INFO  com.qa25.trips.tests.TestBase -  --> With data: [Cities names: FROM city: Tashkent, TO city: Buenos Aires]
15:17:36.448 INFO  com.qa25.trips.tests.TestBase -    --> Error message: Sorry, only Latin characteres are allowed now.
15:17:36.448 INFO  com.qa25.trips.tests.TestBase -    --> Test is fail, but should be pass
15:17:36.859 INFO  com.qa25.trips.tests.TestBase - Test result: PASSED
15:17:36.860 INFO  com.qa25.trips.tests.TestBase - Stop test: clearButtonPositiveTest
15:17:36.860 INFO  com.qa25.trips.tests.TestBase - ======================================================
15:17:45.979 INFO  com.qa25.trips.tests.TestBase - Start test: clearButtonPositiveTest
15:17:45.979 INFO  com.qa25.trips.tests.TestBase -  --> With data: [Cities names: FROM city: Sanaa, TO city: St. Catharines]
15:17:53.047 INFO  com.qa25.trips.tests.TestBase -    --> Error message: Sorry, only Latin characteres are allowed now.
15:17:53.047 INFO  com.qa25.trips.tests.TestBase -    --> Test is fail, but should be pass
15:17:53.403 INFO  com.qa25.trips.tests.TestBase - Test result: PASSED
15:17:53.403 INFO  com.qa25.trips.tests.TestBase - Stop test: clearButtonPositiveTest
15:17:53.403 INFO  com.qa25.trips.tests.TestBase - ======================================================
15:18:02.792 INFO  com.qa25.trips.tests.TestBase - Start test: clearButtonPositiveTest
15:18:02.792 INFO  com.qa25.trips.tests.TestBase -  --> With data: [Cities names: FROM city: Naypyidaw, TO city: Kabul]
15:18:14.820 INFO  com.qa25.trips.tests.TestBase - Test result: PASSED
15:18:14.820 INFO  com.qa25.trips.tests.TestBase - Stop test: clearButtonPositiveTest
15:18:14.820 INFO  com.qa25.trips.tests.TestBase - ======================================================
15:18:24.118 INFO  com.qa25.trips.tests.TestBase - Start test: clearButtonPositiveTest
15:18:24.119 INFO  com.qa25.trips.tests.TestBase -  --> With data: [Cities names: FROM city: Muscat, TO city: Kathmandu]
15:18:36.146 INFO  com.qa25.trips.tests.TestBase - Test result: PASSED
15:18:36.146 INFO  com.qa25.trips.tests.TestBase - Stop test: clearButtonPositiveTest
15:18:36.146 INFO  com.qa25.trips.tests.TestBase - ======================================================
15:18:45.433 INFO  com.qa25.trips.tests.TestBase - Start test: clearButtonPositiveTest
15:18:45.433 INFO  com.qa25.trips.tests.TestBase -  --> With data: [Cities names: FROM city: Manila, TO city: Naypyidaw]
15:18:57.362 INFO  com.qa25.trips.tests.TestBase - Test result: PASSED
15:18:57.362 INFO  com.qa25.trips.tests.TestBase - Stop test: clearButtonPositiveTest
15:18:57.362 INFO  com.qa25.trips.tests.TestBase - ======================================================
15:19:06.656 INFO  com.qa25.trips.tests.TestBase - Start test: clearButtonPositiveTest
15:19:06.657 INFO  com.qa25.trips.tests.TestBase -  --> With data: [Cities names: FROM city: Male, TO city: Land's End]
15:19:13.717 INFO  com.qa25.trips.tests.TestBase -    --> Error message: Sorry, only Latin characteres are allowed now.
15:19:13.717 INFO  com.qa25.trips.tests.TestBase -    --> Test is fail, but should be pass
15:19:14.075 INFO  com.qa25.trips.tests.TestBase - Test result: PASSED
15:19:14.075 INFO  com.qa25.trips.tests.TestBase - Stop test: clearButtonPositiveTest
15:19:14.075 INFO  com.qa25.trips.tests.TestBase - ======================================================
15:19:23.409 INFO  com.qa25.trips.tests.TestBase - Start test: clearButtonPositiveTest
15:19:23.409 INFO  com.qa25.trips.tests.TestBase -  --> With data: [Cities names: FROM city: Lhasa, TO city: Sanaa]
15:19:35.362 INFO  com.qa25.trips.tests.TestBase - Test result: PASSED
15:19:35.362 INFO  com.qa25.trips.tests.TestBase - Stop test: clearButtonPositiveTest
15:19:35.362 INFO  com.qa25.trips.tests.TestBase - ======================================================
15:19:44.403 INFO  com.qa25.trips.tests.TestBase - Start test: clearButtonPositiveTest
15:19:44.403 INFO  com.qa25.trips.tests.TestBase -  --> With data: [Cities names: FROM city: Kathmandu, TO city: Tashkent]
15:19:56.480 INFO  com.qa25.trips.tests.TestBase - Test result: PASSED
15:19:56.480 INFO  com.qa25.trips.tests.TestBase - Stop test: clearButtonPositiveTest
15:19:56.480 INFO  com.qa25.trips.tests.TestBase - ======================================================
15:20:06.230 INFO  com.qa25.trips.tests.TestBase - Start test: clearButtonPositiveTest
15:20:06.230 INFO  com.qa25.trips.tests.TestBase -  --> With data: [Cities names: FROM city: Kabul, TO city: Tehran]
15:20:18.079 INFO  com.qa25.trips.tests.TestBase - Test result: PASSED
15:20:18.080 INFO  com.qa25.trips.tests.TestBase - Stop test: clearButtonPositiveTest
15:20:18.080 INFO  com.qa25.trips.tests.TestBase - ======================================================
15:20:27.765 INFO  com.qa25.trips.tests.TestBase - Start test: clearButtonPositiveTest
15:20:27.766 INFO  com.qa25.trips.tests.TestBase -  --> With data: [Cities names: FROM city: Bandar Seri Begawan, TO city: Manila]
15:20:29.521 INFO  com.qa25.trips.tests.TestBase -    --> Error message: Sorry, only Latin characteres are allowed now.
15:20:29.521 INFO  com.qa25.trips.tests.TestBase -    --> Test is fail, but should be pass
15:20:35.140 INFO  com.qa25.trips.tests.TestBase - Test result: PASSED
15:20:35.140 INFO  com.qa25.trips.tests.TestBase - Stop test: clearButtonPositiveTest
15:20:35.140 INFO  com.qa25.trips.tests.TestBase - ======================================================
15:20:44.383 INFO  com.qa25.trips.tests.TestBase - Start test: clearButtonPositiveTest
15:20:44.384 INFO  com.qa25.trips.tests.TestBase -  --> With data: [Cities names: FROM city: Buenos Aires, TO city: Cluj-Napoca]
15:20:46.118 INFO  com.qa25.trips.tests.TestBase -    --> Error message: Sorry, only Latin characteres are allowed now.
15:20:46.118 INFO  com.qa25.trips.tests.TestBase -    --> Test is fail, but should be pass
15:20:46.539 INFO  com.qa25.trips.tests.TestBase -    --> Error message: Sorry, only Latin characteres are allowed now.
15:20:46.539 INFO  com.qa25.trips.tests.TestBase -    --> Test is fail, but should be pass
15:20:46.929 INFO  com.qa25.trips.tests.TestBase - Test result: PASSED
15:20:46.929 INFO  com.qa25.trips.tests.TestBase - Stop test: clearButtonPositiveTest
15:20:46.929 INFO  com.qa25.trips.tests.TestBase - ======================================================
15:20:56.320 INFO  com.qa25.trips.tests.TestBase - Start test: clearButtonPositiveTest
15:20:56.320 INFO  com.qa25.trips.tests.TestBase -  --> With data: [Cities names: FROM city: Cluj-Napoca, TO city: Muscat]
15:20:58.014 INFO  com.qa25.trips.tests.TestBase -    --> Error message: Sorry, only Latin characteres are allowed now.
15:20:58.014 INFO  com.qa25.trips.tests.TestBase -    --> Test is fail, but should be pass
15:21:03.599 INFO  com.qa25.trips.tests.TestBase - Test result: PASSED
15:21:03.600 INFO  com.qa25.trips.tests.TestBase - Stop test: clearButtonPositiveTest
15:21:03.600 INFO  com.qa25.trips.tests.TestBase - ======================================================
15:21:12.754 INFO  com.qa25.trips.tests.TestBase - Start test: clearButtonPositiveTest
15:21:12.755 INFO  com.qa25.trips.tests.TestBase -  --> With data: [Cities names: FROM city: Land's End, TO city: Male]
15:21:14.465 INFO  com.qa25.trips.tests.TestBase -    --> Error message: Sorry, only Latin characteres are allowed now.
15:21:14.465 INFO  com.qa25.trips.tests.TestBase -    --> Test is fail, but should be pass
15:21:20.102 INFO  com.qa25.trips.tests.TestBase - Test result: PASSED
15:21:20.102 INFO  com.qa25.trips.tests.TestBase - Stop test: clearButtonPositiveTest
15:21:20.102 INFO  com.qa25.trips.tests.TestBase - ======================================================
15:21:29.130 INFO  com.qa25.trips.tests.TestBase - Start test: clearButtonPositiveTest
15:21:29.131 INFO  com.qa25.trips.tests.TestBase -  --> With data: [Cities names: FROM city: St. Catharines, TO city: Lhasa]
15:21:30.891 INFO  com.qa25.trips.tests.TestBase -    --> Error message: Sorry, only Latin characteres are allowed now.
15:21:30.891 INFO  com.qa25.trips.tests.TestBase -    --> Test is fail, but should be pass
15:21:36.479 INFO  com.qa25.trips.tests.TestBase - Test result: PASSED
15:21:36.479 INFO  com.qa25.trips.tests.TestBase - Stop test: clearButtonPositiveTest
15:21:36.479 INFO  com.qa25.trips.tests.TestBase - ======================================================
15:21:45.588 INFO  com.qa25.trips.tests.TestBase - Start test: clearButtonPositiveTest
15:21:45.588 INFO  com.qa25.trips.tests.TestBase -  --> With data: [Cities names: FROM city: St. John's, TO city: Bandar Seri Begawan]
15:21:47.260 INFO  com.qa25.trips.tests.TestBase -    --> Error message: Sorry, only Latin characteres are allowed now.
15:21:47.260 INFO  com.qa25.trips.tests.TestBase -    --> Test is fail, but should be pass
15:21:47.724 INFO  com.qa25.trips.tests.TestBase -    --> Error message: Sorry, only Latin characteres are allowed now.
15:21:47.724 INFO  com.qa25.trips.tests.TestBase -    --> Test is fail, but should be pass
15:21:48.072 INFO  com.qa25.trips.tests.TestBase - Test result: PASSED
15:21:48.072 INFO  com.qa25.trips.tests.TestBase - Stop test: clearButtonPositiveTest
15:21:48.072 INFO  com.qa25.trips.tests.TestBase - ======================================================
15:21:57.280 INFO  com.qa25.trips.tests.TestBase - Start test: goButtonNegativeTest
15:21:57.280 INFO  com.qa25.trips.tests.TestBase -  --> With data: [Cities names: FROM city: New Orleans, TO city: Barcelona]
15:21:58.980 INFO  com.qa25.trips.tests.TestBase -    --> Error message: Sorry, only Latin characteres are allowed now.
15:21:58.980 INFO  com.qa25.trips.tests.TestBase -    --> Test is fail, but should be pass
15:22:04.744 INFO  com.qa25.trips.tests.TestBase - --> For this route error message is: Sorry, the data we have accumulated is not enough to build a route between the indicated cities. Try changing your request.
15:22:04.834 INFO  com.qa25.trips.tests.TestBase - Test result: PASSED
15:22:04.834 INFO  com.qa25.trips.tests.TestBase - Stop test: goButtonNegativeTest
15:22:04.834 INFO  com.qa25.trips.tests.TestBase - ======================================================
15:22:14.389 INFO  com.qa25.trips.tests.TestBase - Start test: goButtonNegativeTest
15:22:14.389 INFO  com.qa25.trips.tests.TestBase -  --> With data: [Cities names: FROM city: Moscow, TO city: Moscow]
15:22:26.909 INFO  com.qa25.trips.tests.TestBase - --> For this route error message is: Sorry, the data we have accumulated is not enough to build a route between the indicated cities. Try changing your request.
15:22:27.120 INFO  com.qa25.trips.tests.TestBase - Test result: PASSED
15:22:27.120 INFO  com.qa25.trips.tests.TestBase - Stop test: goButtonNegativeTest
15:22:27.120 INFO  com.qa25.trips.tests.TestBase - ======================================================
15:22:36.477 INFO  com.qa25.trips.tests.TestBase - Start test: goButtonPositiveTest
15:22:36.477 INFO  com.qa25.trips.tests.TestBase -  --> With data: [Cities names: FROM city: Paris, TO city: Prague]
15:22:49.585 INFO  com.qa25.trips.tests.TestBase - Test result: PASSED
15:22:49.586 INFO  com.qa25.trips.tests.TestBase - Stop test: goButtonPositiveTest
15:22:49.586 INFO  com.qa25.trips.tests.TestBase - ======================================================
15:22:58.849 INFO  com.qa25.trips.tests.TestBase - Start test: goButtonPositiveTest
15:22:58.850 INFO  com.qa25.trips.tests.TestBase -  --> With data: [Cities names: FROM city: Rome, TO city: Kiev]
15:23:11.852 INFO  com.qa25.trips.tests.TestBase - Test result: PASSED
15:23:11.853 INFO  com.qa25.trips.tests.TestBase - Stop test: goButtonPositiveTest
15:23:11.853 INFO  com.qa25.trips.tests.TestBase - ======================================================
15:23:21.140 INFO  com.qa25.trips.tests.TestBase - Start test: goButtonPositiveTest
15:23:21.140 INFO  com.qa25.trips.tests.TestBase -  --> With data: [Cities names: FROM city: Moscow, TO city: Tel-Aviv]
15:23:28.373 INFO  com.qa25.trips.tests.TestBase -    --> Error message: Sorry, only Latin characteres are allowed now.
15:23:28.373 INFO  com.qa25.trips.tests.TestBase -    --> Test is fail, but should be pass
15:23:29.866 INFO  com.qa25.trips.tests.TestBase - Test result: PASSED
15:23:29.866 INFO  com.qa25.trips.tests.TestBase - Stop test: goButtonPositiveTest
15:23:29.867 INFO  com.qa25.trips.tests.TestBase - ======================================================
15:23:39.215 INFO  com.qa25.trips.tests.TestBase - Start test: goButtonPositiveTest
15:23:39.215 INFO  com.qa25.trips.tests.TestBase -  --> With data: [Cities names: FROM city: Kiev, TO city: Moscow]
15:23:52.181 INFO  com.qa25.trips.tests.TestBase - Test result: PASSED
15:23:52.181 INFO  com.qa25.trips.tests.TestBase - Stop test: goButtonPositiveTest
15:23:52.181 INFO  com.qa25.trips.tests.TestBase - ======================================================
15:24:02.517 INFO  com.qa25.trips.tests.TestBase - Start test: goButtonPositiveTest
15:24:02.517 INFO  com.qa25.trips.tests.TestBase -  --> With data: [Cities names: FROM city: Barcelona, TO city: Glasgow]
15:24:15.486 INFO  com.qa25.trips.tests.TestBase - Test result: PASSED
15:24:15.487 INFO  com.qa25.trips.tests.TestBase - Stop test: goButtonPositiveTest
15:24:15.487 INFO  com.qa25.trips.tests.TestBase - ======================================================
]]></system-out>
  <system-err><![CDATA[Starting ChromeDriver 87.0.4280.88 (89e2380a3e36c3464b5dd1302349b1382549290d-refs/branch-heads/4280@{#1761}) on port 6329
Only local connections are allowed.
Please see https://chromedriver.chromium.org/security-considerations for suggestions on keeping ChromeDriver safe.
ChromeDriver was started successfully.
янв 25, 2021 3:06:48 PM org.openqa.selenium.remote.ProtocolHandshake createSession
INFO: Detected dialect: W3C
Starting ChromeDriver 87.0.4280.88 (89e2380a3e36c3464b5dd1302349b1382549290d-refs/branch-heads/4280@{#1761}) on port 12803
Only local connections are allowed.
Please see https://chromedriver.chromium.org/security-considerations for suggestions on keeping ChromeDriver safe.
ChromeDriver was started successfully.
янв 25, 2021 3:07:05 PM org.openqa.selenium.remote.ProtocolHandshake createSession
INFO: Detected dialect: W3C
Starting ChromeDriver 87.0.4280.88 (89e2380a3e36c3464b5dd1302349b1382549290d-refs/branch-heads/4280@{#1761}) on port 48195
Only local connections are allowed.
Please see https://chromedriver.chromium.org/security-considerations for suggestions on keeping ChromeDriver safe.
ChromeDriver was started successfully.
янв 25, 2021 3:07:21 PM org.openqa.selenium.remote.ProtocolHandshake createSession
INFO: Detected dialect: W3C
Starting ChromeDriver 87.0.4280.88 (89e2380a3e36c3464b5dd1302349b1382549290d-refs/branch-heads/4280@{#1761}) on port 23207
Only local connections are allowed.
Please see https://chromedriver.chromium.org/security-considerations for suggestions on keeping ChromeDriver safe.
ChromeDriver was started successfully.
янв 25, 2021 3:07:37 PM org.openqa.selenium.remote.ProtocolHandshake createSession
INFO: Detected dialect: W3C
Starting ChromeDriver 87.0.4280.88 (89e2380a3e36c3464b5dd1302349b1382549290d-refs/branch-heads/4280@{#1761}) on port 32760
Only local connections are allowed.
Please see https://chromedriver.chromium.org/security-considerations for suggestions on keeping ChromeDriver safe.
ChromeDriver was started successfully.
янв 25, 2021 3:07:53 PM org.openqa.selenium.remote.ProtocolHandshake createSession
INFO: Detected dialect: W3C
Starting ChromeDriver 87.0.4280.88 (89e2380a3e36c3464b5dd1302349b1382549290d-refs/branch-heads/4280@{#1761}) on port 14192
Only local connections are allowed.
Please see https://chromedriver.chromium.org/security-considerations for suggestions on keeping ChromeDriver safe.
ChromeDriver was started successfully.
янв 25, 2021 3:08:09 PM org.openqa.selenium.remote.ProtocolHandshake createSession
INFO: Detected dialect: W3C
Starting ChromeDriver 87.0.4280.88 (89e2380a3e36c3464b5dd1302349b1382549290d-refs/branch-heads/4280@{#1761}) on port 16342
Only local connections are allowed.
Please see https://chromedriver.chromium.org/security-considerations for suggestions on keeping ChromeDriver safe.
ChromeDriver was started successfully.
янв 25, 2021 3:08:25 PM org.openqa.selenium.remote.ProtocolHandshake createSession
INFO: Detected dialect: W3C
Starting ChromeDriver 87.0.4280.88 (89e2380a3e36c3464b5dd1302349b1382549290d-refs/branch-heads/4280@{#1761}) on port 9361
Only local connections are allowed.
Please see https://chromedriver.chromium.org/security-considerations for suggestions on keeping ChromeDriver safe.
ChromeDriver was started successfully.
янв 25, 2021 3:08:41 PM org.openqa.selenium.remote.ProtocolHandshake createSession
INFO: Detected dialect: W3C
Starting ChromeDriver 87.0.4280.88 (89e2380a3e36c3464b5dd1302349b1382549290d-refs/branch-heads/4280@{#1761}) on port 26298
Only local connections are allowed.
Please see https://chromedriver.chromium.org/security-considerations for suggestions on keeping ChromeDriver safe.
ChromeDriver was started successfully.
янв 25, 2021 3:08:57 PM org.openqa.selenium.remote.ProtocolHandshake createSession
INFO: Detected dialect: W3C
Starting ChromeDriver 87.0.4280.88 (89e2380a3e36c3464b5dd1302349b1382549290d-refs/branch-heads/4280@{#1761}) on port 37410
Only local connections are allowed.
Please see https://chromedriver.chromium.org/security-considerations for suggestions on keeping ChromeDriver safe.
ChromeDriver was started successfully.
янв 25, 2021 3:09:13 PM org.openqa.selenium.remote.ProtocolHandshake createSession
INFO: Detected dialect: W3C
Starting ChromeDriver 87.0.4280.88 (89e2380a3e36c3464b5dd1302349b1382549290d-refs/branch-heads/4280@{#1761}) on port 7110
Only local connections are allowed.
Please see https://chromedriver.chromium.org/security-considerations for suggestions on keeping ChromeDriver safe.
ChromeDriver was started successfully.
янв 25, 2021 3:09:29 PM org.openqa.selenium.remote.ProtocolHandshake createSession
INFO: Detected dialect: W3C
Starting ChromeDriver 87.0.4280.88 (89e2380a3e36c3464b5dd1302349b1382549290d-refs/branch-heads/4280@{#1761}) on port 19362
Only local connections are allowed.
Please see https://chromedriver.chromium.org/security-considerations for suggestions on keeping ChromeDriver safe.
ChromeDriver was started successfully.
янв 25, 2021 3:09:41 PM org.openqa.selenium.remote.ProtocolHandshake createSession
INFO: Detected dialect: W3C
Starting ChromeDriver 87.0.4280.88 (89e2380a3e36c3464b5dd1302349b1382549290d-refs/branch-heads/4280@{#1761}) on port 33861
Only local connections are allowed.
Please see https://chromedriver.chromium.org/security-considerations for suggestions on keeping ChromeDriver safe.
ChromeDriver was started successfully.
янв 25, 2021 3:09:52 PM org.openqa.selenium.remote.ProtocolHandshake createSession
INFO: Detected dialect: W3C
Starting ChromeDriver 87.0.4280.88 (89e2380a3e36c3464b5dd1302349b1382549290d-refs/branch-heads/4280@{#1761}) on port 31011
Only local connections are allowed.
Please see https://chromedriver.chromium.org/security-considerations for suggestions on keeping ChromeDriver safe.
ChromeDriver was started successfully.
янв 25, 2021 3:10:04 PM org.openqa.selenium.remote.ProtocolHandshake createSession
INFO: Detected dialect: W3C
Starting ChromeDriver 87.0.4280.88 (89e2380a3e36c3464b5dd1302349b1382549290d-refs/branch-heads/4280@{#1761}) on port 24765
Only local connections are allowed.
Please see https://chromedriver.chromium.org/security-considerations for suggestions on keeping ChromeDriver safe.
ChromeDriver was started successfully.
янв 25, 2021 3:10:16 PM org.openqa.selenium.remote.ProtocolHandshake createSession
INFO: Detected dialect: W3C
Starting ChromeDriver 87.0.4280.88 (89e2380a3e36c3464b5dd1302349b1382549290d-refs/branch-heads/4280@{#1761}) on port 13009
Only local connections are allowed.
Please see https://chromedriver.chromium.org/security-considerations for suggestions on keeping ChromeDriver safe.
ChromeDriver was started successfully.
янв 25, 2021 3:10:27 PM org.openqa.selenium.remote.ProtocolHandshake createSession
INFO: Detected dialect: W3C
Starting ChromeDriver 87.0.4280.88 (89e2380a3e36c3464b5dd1302349b1382549290d-refs/branch-heads/4280@{#1761}) on port 8392
Only local connections are allowed.
Please see https://chromedriver.chromium.org/security-considerations for suggestions on keeping ChromeDriver safe.
ChromeDriver was started successfully.
янв 25, 2021 3:10:39 PM org.openqa.selenium.remote.ProtocolHandshake createSession
INFO: Detected dialect: W3C
Starting ChromeDriver 87.0.4280.88 (89e2380a3e36c3464b5dd1302349b1382549290d-refs/branch-heads/4280@{#1761}) on port 28468
Only local connections are allowed.
Please see https://chromedriver.chromium.org/security-considerations for suggestions on keeping ChromeDriver safe.
ChromeDriver was started successfully.
янв 25, 2021 3:10:50 PM org.openqa.selenium.remote.ProtocolHandshake createSession
INFO: Detected dialect: W3C
Starting ChromeDriver 87.0.4280.88 (89e2380a3e36c3464b5dd1302349b1382549290d-refs/branch-heads/4280@{#1761}) on port 16939
Only local connections are allowed.
Please see https://chromedriver.chromium.org/security-considerations for suggestions on keeping ChromeDriver safe.
ChromeDriver was started successfully.
янв 25, 2021 3:11:02 PM org.openqa.selenium.remote.ProtocolHandshake createSession
INFO: Detected dialect: W3C
Starting ChromeDriver 87.0.4280.88 (89e2380a3e36c3464b5dd1302349b1382549290d-refs/branch-heads/4280@{#1761}) on port 37448
Only local connections are allowed.
Please see https://chromedriver.chromium.org/security-considerations for suggestions on keeping ChromeDriver safe.
ChromeDriver was started successfully.
янв 25, 2021 3:11:13 PM org.openqa.selenium.remote.ProtocolHandshake createSession
INFO: Detected dialect: W3C
Starting ChromeDriver 87.0.4280.88 (89e2380a3e36c3464b5dd1302349b1382549290d-refs/branch-heads/4280@{#1761}) on port 3330
Only local connections are allowed.
Please see https://chromedriver.chromium.org/security-considerations for suggestions on keeping ChromeDriver safe.
ChromeDriver was started successfully.
янв 25, 2021 3:11:29 PM org.openqa.selenium.remote.ProtocolHandshake createSession
INFO: Detected dialect: W3C
Starting ChromeDriver 87.0.4280.88 (89e2380a3e36c3464b5dd1302349b1382549290d-refs/branch-heads/4280@{#1761}) on port 23039
Only local connections are allowed.
Please see https://chromedriver.chromium.org/security-considerations for suggestions on keeping ChromeDriver safe.
ChromeDriver was started successfully.
янв 25, 2021 3:11:45 PM org.openqa.selenium.remote.ProtocolHandshake createSession
INFO: Detected dialect: W3C
Starting ChromeDriver 87.0.4280.88 (89e2380a3e36c3464b5dd1302349b1382549290d-refs/branch-heads/4280@{#1761}) on port 43475
Only local connections are allowed.
Please see https://chromedriver.chromium.org/security-considerations for suggestions on keeping ChromeDriver safe.
ChromeDriver was started successfully.
янв 25, 2021 3:12:01 PM org.openqa.selenium.remote.ProtocolHandshake createSession
INFO: Detected dialect: W3C
Starting ChromeDriver 87.0.4280.88 (89e2380a3e36c3464b5dd1302349b1382549290d-refs/branch-heads/4280@{#1761}) on port 15054
Only local connections are allowed.
Please see https://chromedriver.chromium.org/security-considerations for suggestions on keeping ChromeDriver safe.
ChromeDriver was started successfully.
янв 25, 2021 3:12:12 PM org.openqa.selenium.remote.ProtocolHandshake createSession
INFO: Detected dialect: W3C
Starting ChromeDriver 87.0.4280.88 (89e2380a3e36c3464b5dd1302349b1382549290d-refs/branch-heads/4280@{#1761}) on port 38791
Only local connections are allowed.
Please see https://chromedriver.chromium.org/security-considerations for suggestions on keeping ChromeDriver safe.
ChromeDriver was started successfully.
янв 25, 2021 3:12:28 PM org.openqa.selenium.remote.ProtocolHandshake createSession
INFO: Detected dialect: W3C
Starting ChromeDriver 87.0.4280.88 (89e2380a3e36c3464b5dd1302349b1382549290d-refs/branch-heads/4280@{#1761}) on port 10301
Only local connections are allowed.
Please see https://chromedriver.chromium.org/security-considerations for suggestions on keeping ChromeDriver safe.
ChromeDriver was started successfully.
янв 25, 2021 3:12:44 PM org.openqa.selenium.remote.ProtocolHandshake createSession
INFO: Detected dialect: W3C
Starting ChromeDriver 87.0.4280.88 (89e2380a3e36c3464b5dd1302349b1382549290d-refs/branch-heads/4280@{#1761}) on port 46547
Only local connections are allowed.
Please see https://chromedriver.chromium.org/security-considerations for suggestions on keeping ChromeDriver safe.
ChromeDriver was started successfully.
янв 25, 2021 3:13:00 PM org.openqa.selenium.remote.ProtocolHandshake createSession
INFO: Detected dialect: W3C
Starting ChromeDriver 87.0.4280.88 (89e2380a3e36c3464b5dd1302349b1382549290d-refs/branch-heads/4280@{#1761}) on port 28042
Only local connections are allowed.
Please see https://chromedriver.chromium.org/security-considerations for suggestions on keeping ChromeDriver safe.
ChromeDriver was started successfully.
янв 25, 2021 3:13:16 PM org.openqa.selenium.remote.ProtocolHandshake createSession
INFO: Detected dialect: W3C
Starting ChromeDriver 87.0.4280.88 (89e2380a3e36c3464b5dd1302349b1382549290d-refs/branch-heads/4280@{#1761}) on port 16475
Only local connections are allowed.
Please see https://chromedriver.chromium.org/security-considerations for suggestions on keeping ChromeDriver safe.
ChromeDriver was started successfully.
янв 25, 2021 3:13:27 PM org.openqa.selenium.remote.ProtocolHandshake createSession
INFO: Detected dialect: W3C
Starting ChromeDriver 87.0.4280.88 (89e2380a3e36c3464b5dd1302349b1382549290d-refs/branch-heads/4280@{#1761}) on port 2859
Only local connections are allowed.
Please see https://chromedriver.chromium.org/security-considerations for suggestions on keeping ChromeDriver safe.
ChromeDriver was started successfully.
янв 25, 2021 3:13:43 PM org.openqa.selenium.remote.ProtocolHandshake createSession
INFO: Detected dialect: W3C
Starting ChromeDriver 87.0.4280.88 (89e2380a3e36c3464b5dd1302349b1382549290d-refs/branch-heads/4280@{#1761}) on port 32771
Only local connections are allowed.
Please see https://chromedriver.chromium.org/security-considerations for suggestions on keeping ChromeDriver safe.
ChromeDriver was started successfully.
янв 25, 2021 3:13:59 PM org.openqa.selenium.remote.ProtocolHandshake createSession
INFO: Detected dialect: W3C
Starting ChromeDriver 87.0.4280.88 (89e2380a3e36c3464b5dd1302349b1382549290d-refs/branch-heads/4280@{#1761}) on port 1247
Only local connections are allowed.
Please see https://chromedriver.chromium.org/security-considerations for suggestions on keeping ChromeDriver safe.
ChromeDriver was started successfully.
янв 25, 2021 3:14:16 PM org.openqa.selenium.remote.ProtocolHandshake createSession
INFO: Detected dialect: W3C
Starting ChromeDriver 87.0.4280.88 (89e2380a3e36c3464b5dd1302349b1382549290d-refs/branch-heads/4280@{#1761}) on port 17331
Only local connections are allowed.
Please see https://chromedriver.chromium.org/security-considerations for suggestions on keeping ChromeDriver safe.
ChromeDriver was started successfully.
янв 25, 2021 3:14:28 PM org.openqa.selenium.remote.ProtocolHandshake createSession
INFO: Detected dialect: W3C
Starting ChromeDriver 87.0.4280.88 (89e2380a3e36c3464b5dd1302349b1382549290d-refs/branch-heads/4280@{#1761}) on port 8081
Only local connections are allowed.
Please see https://chromedriver.chromium.org/security-considerations for suggestions on keeping ChromeDriver safe.
ChromeDriver was started successfully.
янв 25, 2021 3:14:39 PM org.openqa.selenium.remote.ProtocolHandshake createSession
INFO: Detected dialect: W3C
Starting ChromeDriver 87.0.4280.88 (89e2380a3e36c3464b5dd1302349b1382549290d-refs/branch-heads/4280@{#1761}) on port 45297
Only local connections are allowed.
Please see https://chromedriver.chromium.org/security-considerations for suggestions on keeping ChromeDriver safe.
ChromeDriver was started successfully.
янв 25, 2021 3:14:50 PM org.openqa.selenium.remote.ProtocolHandshake createSession
INFO: Detected dialect: W3C
Starting ChromeDriver 87.0.4280.88 (89e2380a3e36c3464b5dd1302349b1382549290d-refs/branch-heads/4280@{#1761}) on port 45170
Only local connections are allowed.
Please see https://chromedriver.chromium.org/security-considerations for suggestions on keeping ChromeDriver safe.
ChromeDriver was started successfully.
янв 25, 2021 3:15:01 PM org.openqa.selenium.remote.ProtocolHandshake createSession
INFO: Detected dialect: W3C
Starting ChromeDriver 87.0.4280.88 (89e2380a3e36c3464b5dd1302349b1382549290d-refs/branch-heads/4280@{#1761}) on port 20553
Only local connections are allowed.
Please see https://chromedriver.chromium.org/security-considerations for suggestions on keeping ChromeDriver safe.
ChromeDriver was started successfully.
янв 25, 2021 3:15:13 PM org.openqa.selenium.remote.ProtocolHandshake createSession
INFO: Detected dialect: W3C
Starting ChromeDriver 87.0.4280.88 (89e2380a3e36c3464b5dd1302349b1382549290d-refs/branch-heads/4280@{#1761}) on port 35856
Only local connections are allowed.
Please see https://chromedriver.chromium.org/security-considerations for suggestions on keeping ChromeDriver safe.
ChromeDriver was started successfully.
янв 25, 2021 3:15:23 PM org.openqa.selenium.remote.ProtocolHandshake createSession
INFO: Detected dialect: W3C
Starting ChromeDriver 87.0.4280.88 (89e2380a3e36c3464b5dd1302349b1382549290d-refs/branch-heads/4280@{#1761}) on port 11630
Only local connections are allowed.
Please see https://chromedriver.chromium.org/security-considerations for suggestions on keeping ChromeDriver safe.
ChromeDriver was started successfully.
янв 25, 2021 3:15:35 PM org.openqa.selenium.remote.ProtocolHandshake createSession
INFO: Detected dialect: W3C
Starting ChromeDriver 87.0.4280.88 (89e2380a3e36c3464b5dd1302349b1382549290d-refs/branch-heads/4280@{#1761}) on port 29832
Only local connections are allowed.
Please see https://chromedriver.chromium.org/security-considerations for suggestions on keeping ChromeDriver safe.
ChromeDriver was started successfully.
янв 25, 2021 3:15:46 PM org.openqa.selenium.remote.ProtocolHandshake createSession
INFO: Detected dialect: W3C
Starting ChromeDriver 87.0.4280.88 (89e2380a3e36c3464b5dd1302349b1382549290d-refs/branch-heads/4280@{#1761}) on port 1627
Only local connections are allowed.
Please see https://chromedriver.chromium.org/security-considerations for suggestions on keeping ChromeDriver safe.
ChromeDriver was started successfully.
янв 25, 2021 3:15:57 PM org.openqa.selenium.remote.ProtocolHandshake createSession
INFO: Detected dialect: W3C
Starting ChromeDriver 87.0.4280.88 (89e2380a3e36c3464b5dd1302349b1382549290d-refs/branch-heads/4280@{#1761}) on port 35743
Only local connections are allowed.
Please see https://chromedriver.chromium.org/security-considerations for suggestions on keeping ChromeDriver safe.
ChromeDriver was started successfully.
янв 25, 2021 3:16:08 PM org.openqa.selenium.remote.ProtocolHandshake createSession
INFO: Detected dialect: W3C
Starting ChromeDriver 87.0.4280.88 (89e2380a3e36c3464b5dd1302349b1382549290d-refs/branch-heads/4280@{#1761}) on port 6731
Only local connections are allowed.
Please see https://chromedriver.chromium.org/security-considerations for suggestions on keeping ChromeDriver safe.
ChromeDriver was started successfully.
янв 25, 2021 3:16:20 PM org.openqa.selenium.remote.ProtocolHandshake createSession
INFO: Detected dialect: W3C
Starting ChromeDriver 87.0.4280.88 (89e2380a3e36c3464b5dd1302349b1382549290d-refs/branch-heads/4280@{#1761}) on port 30186
Only local connections are allowed.
Please see https://chromedriver.chromium.org/security-considerations for suggestions on keeping ChromeDriver safe.
ChromeDriver was started successfully.
янв 25, 2021 3:16:31 PM org.openqa.selenium.remote.ProtocolHandshake createSession
INFO: Detected dialect: W3C
Starting ChromeDriver 87.0.4280.88 (89e2380a3e36c3464b5dd1302349b1382549290d-refs/branch-heads/4280@{#1761}) on port 33972
Only local connections are allowed.
Please see https://chromedriver.chromium.org/security-considerations for suggestions on keeping ChromeDriver safe.
ChromeDriver was started successfully.
янв 25, 2021 3:16:42 PM org.openqa.selenium.remote.ProtocolHandshake createSession
INFO: Detected dialect: W3C
Starting ChromeDriver 87.0.4280.88 (89e2380a3e36c3464b5dd1302349b1382549290d-refs/branch-heads/4280@{#1761}) on port 19565
Only local connections are allowed.
Please see https://chromedriver.chromium.org/security-considerations for suggestions on keeping ChromeDriver safe.
ChromeDriver was started successfully.
янв 25, 2021 3:16:54 PM org.openqa.selenium.remote.ProtocolHandshake createSession
INFO: Detected dialect: W3C
Starting ChromeDriver 87.0.4280.88 (89e2380a3e36c3464b5dd1302349b1382549290d-refs/branch-heads/4280@{#1761}) on port 42726
Only local connections are allowed.
Please see https://chromedriver.chromium.org/security-considerations for suggestions on keeping ChromeDriver safe.
ChromeDriver was started successfully.
янв 25, 2021 3:17:06 PM org.openqa.selenium.remote.ProtocolHandshake createSession
INFO: Detected dialect: W3C
Starting ChromeDriver 87.0.4280.88 (89e2380a3e36c3464b5dd1302349b1382549290d-refs/branch-heads/4280@{#1761}) on port 15476
Only local connections are allowed.
Please see https://chromedriver.chromium.org/security-considerations for suggestions on keeping ChromeDriver safe.
ChromeDriver was started successfully.
янв 25, 2021 3:17:23 PM org.openqa.selenium.remote.ProtocolHandshake createSession
INFO: Detected dialect: W3C
Starting ChromeDriver 87.0.4280.88 (89e2380a3e36c3464b5dd1302349b1382549290d-refs/branch-heads/4280@{#1761}) on port 1077
Only local connections are allowed.
Please see https://chromedriver.chromium.org/security-considerations for suggestions on keeping ChromeDriver safe.
ChromeDriver was started successfully.
янв 25, 2021 3:17:40 PM org.openqa.selenium.remote.ProtocolHandshake createSession
INFO: Detected dialect: W3C
Starting ChromeDriver 87.0.4280.88 (89e2380a3e36c3464b5dd1302349b1382549290d-refs/branch-heads/4280@{#1761}) on port 9508
Only local connections are allowed.
Please see https://chromedriver.chromium.org/security-considerations for suggestions on keeping ChromeDriver safe.
ChromeDriver was started successfully.
янв 25, 2021 3:17:57 PM org.openqa.selenium.remote.ProtocolHandshake createSession
INFO: Detected dialect: W3C
Starting ChromeDriver 87.0.4280.88 (89e2380a3e36c3464b5dd1302349b1382549290d-refs/branch-heads/4280@{#1761}) on port 28520
Only local connections are allowed.
Please see https://chromedriver.chromium.org/security-considerations for suggestions on keeping ChromeDriver safe.
ChromeDriver was started successfully.
янв 25, 2021 3:18:18 PM org.openqa.selenium.remote.ProtocolHandshake createSession
INFO: Detected dialect: W3C
Starting ChromeDriver 87.0.4280.88 (89e2380a3e36c3464b5dd1302349b1382549290d-refs/branch-heads/4280@{#1761}) on port 19303
Only local connections are allowed.
Please see https://chromedriver.chromium.org/security-considerations for suggestions on keeping ChromeDriver safe.
ChromeDriver was started successfully.
янв 25, 2021 3:18:39 PM org.openqa.selenium.remote.ProtocolHandshake createSession
INFO: Detected dialect: W3C
Starting ChromeDriver 87.0.4280.88 (89e2380a3e36c3464b5dd1302349b1382549290d-refs/branch-heads/4280@{#1761}) on port 5507
Only local connections are allowed.
Please see https://chromedriver.chromium.org/security-considerations for suggestions on keeping ChromeDriver safe.
ChromeDriver was started successfully.
янв 25, 2021 3:19:01 PM org.openqa.selenium.remote.ProtocolHandshake createSession
INFO: Detected dialect: W3C
Starting ChromeDriver 87.0.4280.88 (89e2380a3e36c3464b5dd1302349b1382549290d-refs/branch-heads/4280@{#1761}) on port 3405
Only local connections are allowed.
Please see https://chromedriver.chromium.org/security-considerations for suggestions on keeping ChromeDriver safe.
ChromeDriver was started successfully.
янв 25, 2021 3:19:17 PM org.openqa.selenium.remote.ProtocolHandshake createSession
INFO: Detected dialect: W3C
Starting ChromeDriver 87.0.4280.88 (89e2380a3e36c3464b5dd1302349b1382549290d-refs/branch-heads/4280@{#1761}) on port 26188
Only local connections are allowed.
Please see https://chromedriver.chromium.org/security-considerations for suggestions on keeping ChromeDriver safe.
ChromeDriver was started successfully.
янв 25, 2021 3:19:39 PM org.openqa.selenium.remote.ProtocolHandshake createSession
INFO: Detected dialect: W3C
Starting ChromeDriver 87.0.4280.88 (89e2380a3e36c3464b5dd1302349b1382549290d-refs/branch-heads/4280@{#1761}) on port 31768
Only local connections are allowed.
Please see https://chromedriver.chromium.org/security-considerations for suggestions on keeping ChromeDriver safe.
ChromeDriver was started successfully.
янв 25, 2021 3:20:00 PM org.openqa.selenium.remote.ProtocolHandshake createSession
INFO: Detected dialect: W3C
Starting ChromeDriver 87.0.4280.88 (89e2380a3e36c3464b5dd1302349b1382549290d-refs/branch-heads/4280@{#1761}) on port 23648
Only local connections are allowed.
Please see https://chromedriver.chromium.org/security-considerations for suggestions on keeping ChromeDriver safe.
ChromeDriver was started successfully.
янв 25, 2021 3:20:21 PM org.openqa.selenium.remote.ProtocolHandshake createSession
INFO: Detected dialect: W3C
Starting ChromeDriver 87.0.4280.88 (89e2380a3e36c3464b5dd1302349b1382549290d-refs/branch-heads/4280@{#1761}) on port 44867
Only local connections are allowed.
Please see https://chromedriver.chromium.org/security-considerations for suggestions on keeping ChromeDriver safe.
ChromeDriver was started successfully.
янв 25, 2021 3:20:38 PM org.openqa.selenium.remote.ProtocolHandshake createSession
INFO: Detected dialect: W3C
Starting ChromeDriver 87.0.4280.88 (89e2380a3e36c3464b5dd1302349b1382549290d-refs/branch-heads/4280@{#1761}) on port 25874
Only local connections are allowed.
Please see https://chromedriver.chromium.org/security-considerations for suggestions on keeping ChromeDriver safe.
ChromeDriver was started successfully.
янв 25, 2021 3:20:50 PM org.openqa.selenium.remote.ProtocolHandshake createSession
INFO: Detected dialect: W3C
Starting ChromeDriver 87.0.4280.88 (89e2380a3e36c3464b5dd1302349b1382549290d-refs/branch-heads/4280@{#1761}) on port 29840
Only local connections are allowed.
Please see https://chromedriver.chromium.org/security-considerations for suggestions on keeping ChromeDriver safe.
ChromeDriver was started successfully.
янв 25, 2021 3:21:07 PM org.openqa.selenium.remote.ProtocolHandshake createSession
INFO: Detected dialect: W3C
Starting ChromeDriver 87.0.4280.88 (89e2380a3e36c3464b5dd1302349b1382549290d-refs/branch-heads/4280@{#1761}) on port 37957
Only local connections are allowed.
Please see https://chromedriver.chromium.org/security-considerations for suggestions on keeping ChromeDriver safe.
ChromeDriver was started successfully.
янв 25, 2021 3:21:23 PM org.openqa.selenium.remote.ProtocolHandshake createSession
INFO: Detected dialect: W3C
Starting ChromeDriver 87.0.4280.88 (89e2380a3e36c3464b5dd1302349b1382549290d-refs/branch-heads/4280@{#1761}) on port 21040
Only local connections are allowed.
Please see https://chromedriver.chromium.org/security-considerations for suggestions on keeping ChromeDriver safe.
ChromeDriver was started successfully.
янв 25, 2021 3:21:40 PM org.openqa.selenium.remote.ProtocolHandshake createSession
INFO: Detected dialect: W3C
Starting ChromeDriver 87.0.4280.88 (89e2380a3e36c3464b5dd1302349b1382549290d-refs/branch-heads/4280@{#1761}) on port 21127
Only local connections are allowed.
Please see https://chromedriver.chromium.org/security-considerations for suggestions on keeping ChromeDriver safe.
ChromeDriver was started successfully.
янв 25, 2021 3:21:51 PM org.openqa.selenium.remote.ProtocolHandshake createSession
INFO: Detected dialect: W3C
Starting ChromeDriver 87.0.4280.88 (89e2380a3e36c3464b5dd1302349b1382549290d-refs/branch-heads/4280@{#1761}) on port 33073
Only local connections are allowed.
Please see https://chromedriver.chromium.org/security-considerations for suggestions on keeping ChromeDriver safe.
ChromeDriver was started successfully.
янв 25, 2021 3:22:08 PM org.openqa.selenium.remote.ProtocolHandshake createSession
INFO: Detected dialect: W3C
Starting ChromeDriver 87.0.4280.88 (89e2380a3e36c3464b5dd1302349b1382549290d-refs/branch-heads/4280@{#1761}) on port 26379
Only local connections are allowed.
Please see https://chromedriver.chromium.org/security-considerations for suggestions on keeping ChromeDriver safe.
ChromeDriver was started successfully.
янв 25, 2021 3:22:30 PM org.openqa.selenium.remote.ProtocolHandshake createSession
INFO: Detected dialect: W3C
Starting ChromeDriver 87.0.4280.88 (89e2380a3e36c3464b5dd1302349b1382549290d-refs/branch-heads/4280@{#1761}) on port 13429
Only local connections are allowed.
Please see https://chromedriver.chromium.org/security-considerations for suggestions on keeping ChromeDriver safe.
ChromeDriver was started successfully.
янв 25, 2021 3:22:53 PM org.openqa.selenium.remote.ProtocolHandshake createSession
INFO: Detected dialect: W3C
Starting ChromeDriver 87.0.4280.88 (89e2380a3e36c3464b5dd1302349b1382549290d-refs/branch-heads/4280@{#1761}) on port 34115
Only local connections are allowed.
Please see https://chromedriver.chromium.org/security-considerations for suggestions on keeping ChromeDriver safe.
ChromeDriver was started successfully.
янв 25, 2021 3:23:15 PM org.openqa.selenium.remote.ProtocolHandshake createSession
INFO: Detected dialect: W3C
Starting ChromeDriver 87.0.4280.88 (89e2380a3e36c3464b5dd1302349b1382549290d-refs/branch-heads/4280@{#1761}) on port 23234
Only local connections are allowed.
Please see https://chromedriver.chromium.org/security-considerations for suggestions on keeping ChromeDriver safe.
ChromeDriver was started successfully.
янв 25, 2021 3:23:33 PM org.openqa.selenium.remote.ProtocolHandshake createSession
INFO: Detected dialect: W3C
Starting ChromeDriver 87.0.4280.88 (89e2380a3e36c3464b5dd1302349b1382549290d-refs/branch-heads/4280@{#1761}) on port 16918
Only local connections are allowed.
Please see https://chromedriver.chromium.org/security-considerations for suggestions on keeping ChromeDriver safe.
ChromeDriver was started successfully.
янв 25, 2021 3:23:55 PM org.openqa.selenium.remote.ProtocolHandshake createSession
INFO: Detected dialect: W3C
]]></system-err>
</testsuite>
