<?xml version="1.0" encoding="UTF-8"?>
<testsuite name="com.qa25.trips.tests.MainPageTest" tests="4" skipped="0" failures="0" errors="0" timestamp="2021-01-14T17:24:19" hostname="JULIABOOK" time="6.555">
  <properties/>
  <testcase name="mainPageCheckElementsPresentTest" classname="com.qa25.trips.tests.MainPageTest" time="2.179"/>
  <testcase name="sloganValidationTest" classname="com.qa25.trips.tests.MainPageTest" time="0.026"/>
  <testcase name="mainPageCheckElementsDefaultValuesSetTest" classname="com.qa25.trips.tests.MainPageTest" time="2.127"/>
  <testcase name="changeLanguageValidationTest" classname="com.qa25.trips.tests.MainPageTest" time="2.214"/>
  <system-out><![CDATA[19:24:19.358 INFO  com.qa25.trips.tests.TestBase - Start test: mainPageCheckElementsPresentTest
19:24:21.542 INFO  com.qa25.trips.tests.TestBase - Test result: PASSED
19:24:21.542 INFO  com.qa25.trips.tests.TestBase - Stop test: mainPageCheckElementsPresentTest
19:24:21.542 INFO  com.qa25.trips.tests.TestBase - ======================================================
19:24:21.545 INFO  com.qa25.trips.tests.TestBase - Start test: sloganValidationTest
19:24:21.572 INFO  com.qa25.trips.tests.TestBase - Test result: PASSED
19:24:21.572 INFO  com.qa25.trips.tests.TestBase - Stop test: sloganValidationTest
19:24:21.572 INFO  com.qa25.trips.tests.TestBase - ======================================================
19:24:21.573 INFO  com.qa25.trips.tests.TestBase - Start test: mainPageCheckElementsDefaultValuesSetTest
19:24:23.700 INFO  com.qa25.trips.tests.TestBase - Test result: PASSED
19:24:23.701 INFO  com.qa25.trips.tests.TestBase - Stop test: mainPageCheckElementsDefaultValuesSetTest
19:24:23.701 INFO  com.qa25.trips.tests.TestBase - ======================================================
19:24:23.701 INFO  com.qa25.trips.tests.TestBase - Start test: changeLanguageValidationTest
19:24:25.917 INFO  com.qa25.trips.tests.TestBase - Test result: PASSED
19:24:25.917 INFO  com.qa25.trips.tests.TestBase - Stop test: changeLanguageValidationTest
19:24:25.917 INFO  com.qa25.trips.tests.TestBase - ======================================================
]]></system-out>
  <system-err><![CDATA[]]></system-err>
</testsuite>
