<?xml version="1.0" encoding="UTF-8"?>
<testsuite name="com.qa25.trips.tests.HamburgerMenuTest" tests="1" skipped="0" failures="0" errors="0" timestamp="2021-01-16T19:27:15" hostname="JULIABOOK" time="4.529">
  <properties/>
  <testcase name="hamburgerMenuItemsTest" classname="com.qa25.trips.tests.HamburgerMenuTest" time="4.529"/>
  <system-out><![CDATA[21:27:15.361 INFO  com.qa25.trips.tests.TestBase - Start test: hamburgerMenuItemsTest
21:27:19.898 INFO  com.qa25.trips.tests.TestBase - Test result: PASSED
21:27:19.898 INFO  com.qa25.trips.tests.TestBase - Stop test: hamburgerMenuItemsTest
21:27:19.898 INFO  com.qa25.trips.tests.TestBase - ======================================================
]]></system-out>
  <system-err><![CDATA[]]></system-err>
</testsuite>
