<?xml version="1.0" encoding="UTF-8"?>
<testsuite name="com.qa25.trips.tests.MainPageTest" tests="3" skipped="0" failures="0" errors="0" timestamp="2021-01-14T11:20:02" hostname="JULIABOOK" time="4.335">
  <properties/>
  <testcase name="mainPageCheckElementsDefaultValuesSetTest" classname="com.qa25.trips.tests.MainPageTest" time="2.134"/>
  <testcase name="mainPageCheckElementsPresentTest" classname="com.qa25.trips.tests.MainPageTest" time="2.158"/>
  <testcase name="sloganValidationTest" classname="com.qa25.trips.tests.MainPageTest" time="0.024"/>
  <system-out><![CDATA[13:20:02.675 INFO  com.qa25.trips.tests.TestBase - Start test: mainPageCheckElementsDefaultValuesSetTest
13:20:04.811 INFO  com.qa25.trips.tests.TestBase - Test result: PASSED
13:20:04.811 INFO  com.qa25.trips.tests.TestBase - Stop test: mainPageCheckElementsDefaultValuesSetTest
13:20:04.811 INFO  com.qa25.trips.tests.TestBase - ======================================================
13:20:04.813 INFO  com.qa25.trips.tests.TestBase - Start test: mainPageCheckElementsPresentTest
13:20:06.976 INFO  com.qa25.trips.tests.TestBase - Test result: PASSED
13:20:06.977 INFO  com.qa25.trips.tests.TestBase - Stop test: mainPageCheckElementsPresentTest
13:20:06.982 INFO  com.qa25.trips.tests.TestBase - ======================================================
13:20:06.982 INFO  com.qa25.trips.tests.TestBase - Start test: sloganValidationTest
13:20:07.010 INFO  com.qa25.trips.tests.TestBase - Test result: PASSED
13:20:07.011 INFO  com.qa25.trips.tests.TestBase - Stop test: sloganValidationTest
13:20:07.011 INFO  com.qa25.trips.tests.TestBase - ======================================================
]]></system-out>
  <system-err><![CDATA[]]></system-err>
</testsuite>
