<?xml version="1.0" encoding="UTF-8"?>
<testsuite name="com.qa25.trips.tests.HamburgerMenuTest" tests="1" skipped="0" failures="0" errors="0" timestamp="2021-01-16T19:08:30" hostname="JULIABOOK" time="4.445">
  <properties/>
  <testcase name="hamburgerMenuItemsTest" classname="com.qa25.trips.tests.HamburgerMenuTest" time="4.445"/>
  <system-out><![CDATA[21:08:30.287 INFO  com.qa25.trips.tests.TestBase - Start test: hamburgerMenuItemsTest
21:08:34.740 INFO  com.qa25.trips.tests.TestBase - Test result: PASSED
21:08:34.741 INFO  com.qa25.trips.tests.TestBase - Stop test: hamburgerMenuItemsTest
21:08:34.741 INFO  com.qa25.trips.tests.TestBase - ======================================================
]]></system-out>
  <system-err><![CDATA[]]></system-err>
</testsuite>
