<?xml version="1.0" encoding="UTF-8"?>
<testsuite name="com.qa25.trips.tests.HamburgerMenuTest" tests="1" skipped="0" failures="0" errors="0" timestamp="2021-01-14T16:55:36" hostname="JULIABOOK" time="4.419">
  <properties/>
  <testcase name="hamburgerMenuItemsTest" classname="com.qa25.trips.tests.HamburgerMenuTest" time="4.419"/>
  <system-out><![CDATA[18:55:34.557 INFO  com.qa25.trips.tests.TestBase - Start test: hamburgerMenuItemsTest
18:55:40.593 INFO  com.qa25.trips.tests.TestBase - Test result: PASSED
18:55:40.593 INFO  com.qa25.trips.tests.TestBase - Stop test: hamburgerMenuItemsTest
18:55:40.593 INFO  com.qa25.trips.tests.TestBase - ======================================================
]]></system-out>
  <system-err><![CDATA[]]></system-err>
</testsuite>
