<?xml version="1.0" encoding="UTF-8"?>
<testsuite name="com.qa25.trips.tests.RoutesPageTests" tests="6" skipped="0" failures="0" errors="0" timestamp="2021-01-25T13:34:16" hostname="JULIABOOK" time="143.261">
  <properties/>
  <testcase name="totalsValidationTest[0](Cities names: FROM city: Antwerp, TO city: Barnaul)" classname="com.qa25.trips.tests.RoutesPageTests" time="15.319"/>
  <testcase name="totalsValidationTest[1](Cities names: FROM city: Paris, TO city: Prague)" classname="com.qa25.trips.tests.RoutesPageTests" time="15.153"/>
  <testcase name="totalsValidationTest[2](Cities names: FROM city: Rome, TO city: Kiev)" classname="com.qa25.trips.tests.RoutesPageTests" time="16.336"/>
  <testcase name="totalsValidationTest[3](Cities names: FROM city: Moscow, TO city: Tel-Aviv)" classname="com.qa25.trips.tests.RoutesPageTests" time="10.733"/>
  <testcase name="totalsValidationTest[4](Cities names: FROM city: Kiev, TO city: Moscow)" classname="com.qa25.trips.tests.RoutesPageTests" time="15.201"/>
  <testcase name="totalsValidationTest[5](Cities names: FROM city: Barcelona, TO city: Glasgow)" classname="com.qa25.trips.tests.RoutesPageTests" time="16.551"/>
  <system-out><![CDATA[15:34:14.975 INFO  com.qa25.trips.tests.TestBase - Start test: totalsValidationTest
15:34:14.979 INFO  com.qa25.trips.tests.TestBase -  --> With data: [Cities names: FROM city: Antwerp, TO city: Barnaul]
15:34:30.025 INFO  com.qa25.trips.tests.TestBase - Route#1: differences between total and subtotal durations = 0, between total and subtotal prices = 0.0
15:34:31.403 INFO  com.qa25.trips.tests.TestBase - Route#2: differences between total and subtotal durations = 0, between total and subtotal prices = 0.0
15:34:31.750 INFO  com.qa25.trips.tests.TestBase - Test result: PASSED
15:34:31.750 INFO  com.qa25.trips.tests.TestBase - Stop test: totalsValidationTest
15:34:31.751 INFO  com.qa25.trips.tests.TestBase - ======================================================
15:34:41.074 INFO  com.qa25.trips.tests.TestBase - Start test: totalsValidationTest
15:34:41.074 INFO  com.qa25.trips.tests.TestBase -  --> With data: [Cities names: FROM city: Paris, TO city: Prague]
15:34:55.941 INFO  com.qa25.trips.tests.TestBase - Route#1: differences between total and subtotal durations = 0, between total and subtotal prices = 0.0
15:34:57.168 INFO  com.qa25.trips.tests.TestBase - Route#2: differences between total and subtotal durations = 0, between total and subtotal prices = 0.0
15:34:57.562 INFO  com.qa25.trips.tests.TestBase - Test result: PASSED
15:34:57.563 INFO  com.qa25.trips.tests.TestBase - Stop test: totalsValidationTest
15:34:57.563 INFO  com.qa25.trips.tests.TestBase - ======================================================
15:35:07.067 INFO  com.qa25.trips.tests.TestBase - Start test: totalsValidationTest
15:35:07.067 INFO  com.qa25.trips.tests.TestBase -  --> With data: [Cities names: FROM city: Rome, TO city: Kiev]
15:35:21.799 INFO  com.qa25.trips.tests.TestBase - Route#1: differences between total and subtotal durations = 0, between total and subtotal prices = 0.0
15:35:23.002 INFO  com.qa25.trips.tests.TestBase - Route#2: differences between total and subtotal durations = 0, between total and subtotal prices = 0.0
15:35:24.300 INFO  com.qa25.trips.tests.TestBase - Route#3: differences between total and subtotal durations = 0, between total and subtotal prices = 0.0
15:35:24.648 INFO  com.qa25.trips.tests.TestBase - Test result: PASSED
15:35:24.648 INFO  com.qa25.trips.tests.TestBase - Stop test: totalsValidationTest
15:35:24.648 INFO  com.qa25.trips.tests.TestBase - ======================================================
15:35:34.092 INFO  com.qa25.trips.tests.TestBase - Start test: totalsValidationTest
15:35:34.092 INFO  com.qa25.trips.tests.TestBase -  --> With data: [Cities names: FROM city: Moscow, TO city: Tel-Aviv]
15:35:41.553 INFO  com.qa25.trips.tests.TestBase -    --> Error message: Sorry, only Latin characteres are allowed now.
15:35:41.553 INFO  com.qa25.trips.tests.TestBase -    --> Test is fail, but should be pass
15:35:44.600 INFO  com.qa25.trips.tests.TestBase - Route#1: differences between total and subtotal durations = 0, between total and subtotal prices = 1.0
15:35:45.855 INFO  com.qa25.trips.tests.TestBase - Route#2: differences between total and subtotal durations = 0, between total and subtotal prices = 1.0
15:35:46.324 INFO  com.qa25.trips.tests.TestBase - Test result: PASSED
15:35:46.324 INFO  com.qa25.trips.tests.TestBase - Stop test: totalsValidationTest
15:35:46.324 INFO  com.qa25.trips.tests.TestBase - ======================================================
15:35:55.971 INFO  com.qa25.trips.tests.TestBase - Start test: totalsValidationTest
15:35:55.972 INFO  com.qa25.trips.tests.TestBase -  --> With data: [Cities names: FROM city: Kiev, TO city: Moscow]
15:36:10.853 INFO  com.qa25.trips.tests.TestBase - Route#1: differences between total and subtotal durations = 0, between total and subtotal prices = 0.0
15:36:12.082 INFO  com.qa25.trips.tests.TestBase - Route#2: differences between total and subtotal durations = 0, between total and subtotal prices = 0.0
15:36:12.472 INFO  com.qa25.trips.tests.TestBase - Test result: PASSED
15:36:12.473 INFO  com.qa25.trips.tests.TestBase - Stop test: totalsValidationTest
15:36:12.473 INFO  com.qa25.trips.tests.TestBase - ======================================================
15:36:21.853 INFO  com.qa25.trips.tests.TestBase - Start test: totalsValidationTest
15:36:21.853 INFO  com.qa25.trips.tests.TestBase -  --> With data: [Cities names: FROM city: Barcelona, TO city: Glasgow]
15:36:36.744 INFO  com.qa25.trips.tests.TestBase - Route#1: differences between total and subtotal durations = 0, between total and subtotal prices = 1.0
15:36:38.006 INFO  com.qa25.trips.tests.TestBase - Route#2: differences between total and subtotal durations = 0, between total and subtotal prices = 0.0
15:36:39.318 INFO  com.qa25.trips.tests.TestBase - Route#3: differences between total and subtotal durations = 0, between total and subtotal prices = 0.0
15:36:39.684 INFO  com.qa25.trips.tests.TestBase - Test result: PASSED
15:36:39.685 INFO  com.qa25.trips.tests.TestBase - Stop test: totalsValidationTest
15:36:39.685 INFO  com.qa25.trips.tests.TestBase - ======================================================
]]></system-out>
  <system-err><![CDATA[Starting ChromeDriver 87.0.4280.88 (89e2380a3e36c3464b5dd1302349b1382549290d-refs/branch-heads/4280@{#1761}) on port 22058
Only local connections are allowed.
Please see https://chromedriver.chromium.org/security-considerations for suggestions on keeping ChromeDriver safe.
ChromeDriver was started successfully.
янв 25, 2021 3:34:09 PM org.openqa.selenium.remote.ProtocolHandshake createSession
INFO: Detected dialect: W3C
Starting ChromeDriver 87.0.4280.88 (89e2380a3e36c3464b5dd1302349b1382549290d-refs/branch-heads/4280@{#1761}) on port 41804
Only local connections are allowed.
Please see https://chromedriver.chromium.org/security-considerations for suggestions on keeping ChromeDriver safe.
ChromeDriver was started successfully.
янв 25, 2021 3:34:35 PM org.openqa.selenium.remote.ProtocolHandshake createSession
INFO: Detected dialect: W3C
Starting ChromeDriver 87.0.4280.88 (89e2380a3e36c3464b5dd1302349b1382549290d-refs/branch-heads/4280@{#1761}) on port 39028
Only local connections are allowed.
Please see https://chromedriver.chromium.org/security-considerations for suggestions on keeping ChromeDriver safe.
ChromeDriver was started successfully.
янв 25, 2021 3:35:01 PM org.openqa.selenium.remote.ProtocolHandshake createSession
INFO: Detected dialect: W3C
Starting ChromeDriver 87.0.4280.88 (89e2380a3e36c3464b5dd1302349b1382549290d-refs/branch-heads/4280@{#1761}) on port 2878
Only local connections are allowed.
Please see https://chromedriver.chromium.org/security-considerations for suggestions on keeping ChromeDriver safe.
ChromeDriver was started successfully.
янв 25, 2021 3:35:28 PM org.openqa.selenium.remote.ProtocolHandshake createSession
INFO: Detected dialect: W3C
Starting ChromeDriver 87.0.4280.88 (89e2380a3e36c3464b5dd1302349b1382549290d-refs/branch-heads/4280@{#1761}) on port 16973
Only local connections are allowed.
Please see https://chromedriver.chromium.org/security-considerations for suggestions on keeping ChromeDriver safe.
ChromeDriver was started successfully.
янв 25, 2021 3:35:50 PM org.openqa.selenium.remote.ProtocolHandshake createSession
INFO: Detected dialect: W3C
Starting ChromeDriver 87.0.4280.88 (89e2380a3e36c3464b5dd1302349b1382549290d-refs/branch-heads/4280@{#1761}) on port 6245
Only local connections are allowed.
Please see https://chromedriver.chromium.org/security-considerations for suggestions on keeping ChromeDriver safe.
ChromeDriver was started successfully.
янв 25, 2021 3:36:16 PM org.openqa.selenium.remote.ProtocolHandshake createSession
INFO: Detected dialect: W3C
]]></system-err>
</testsuite>
