<?xml version="1.0" encoding="UTF-8"?>
<testsuite name="com.qa25.trips.tests.HamburgerMenuTest" tests="1" skipped="0" failures="0" errors="0" timestamp="2021-01-14T17:23:52" hostname="JULIABOOK" time="4.491">
  <properties/>
  <testcase name="hamburgerMenuItemsTest" classname="com.qa25.trips.tests.HamburgerMenuTest" time="4.491"/>
  <system-out><![CDATA[19:23:50.894 INFO  com.qa25.trips.tests.TestBase - Start test: hamburgerMenuItemsTest
19:23:56.887 INFO  com.qa25.trips.tests.TestBase - Test result: PASSED
19:23:56.887 INFO  com.qa25.trips.tests.TestBase - Stop test: hamburgerMenuItemsTest
19:23:56.888 INFO  com.qa25.trips.tests.TestBase - ======================================================
]]></system-out>
  <system-err><![CDATA[]]></system-err>
</testsuite>
